[0.151s] [34mcolcon[0m [1;30mDEBUG[0m [32mCommand line arguments: ['/Users/mateolopezv/miniforge3/envs/rosenv/bin/colcon', 'build'][0m
[0.151s] [34mcolcon[0m [1;30mDEBUG[0m [32mParsed command line arguments: Namespace(log_base=None, log_level=None, verb_name='build', build_base='build', install_base='install', merge_install=False, symlink_install=False, test_result_base=None, continue_on_error=False, executor='parallel', parallel_workers=10, event_handlers=None, ignore_user_meta=False, metas=['./colcon.meta'], base_paths=['.'], packages_ignore=None, packages_ignore_regex=None, paths=None, packages_up_to=None, packages_up_to_regex=None, packages_above=None, packages_above_and_dependencies=None, packages_above_depth=None, packages_select_by_dep=None, packages_skip_by_dep=None, packages_skip_up_to=None, packages_select_build_failed=False, packages_skip_build_finished=False, packages_select_test_failures=False, packages_skip_test_passed=False, packages_select=None, packages_skip=None, packages_select_regex=None, packages_skip_regex=None, packages_start=None, packages_end=None, cmake_args=None, cmake_target=None, cmake_target_skip_unavailable=False, cmake_clean_cache=False, cmake_clean_first=False, cmake_force_configure=False, ament_cmake_args=None, catkin_cmake_args=None, catkin_skip_building_tests=False, verb_parser=<colcon_defaults.argument_parser.defaults.DefaultArgumentsDecorator object at 0x105a51bd0>, verb_extension=<colcon_core.verb.build.BuildVerb object at 0x10599f850>, main=<bound method BuildVerb.main of <colcon_core.verb.build.BuildVerb object at 0x10599f850>>)[0m
[0.181s] [34mcolcon.colcon_core.package_discovery[0m [1;30mLevel 1[0m discover_packages(colcon_meta) check parameters
[0.181s] [34mcolcon.colcon_core.package_discovery[0m [1;30mLevel 1[0m discover_packages(recursive) check parameters
[0.181s] [34mcolcon.colcon_core.package_discovery[0m [1;30mLevel 1[0m discover_packages(ignore) check parameters
[0.181s] [34mcolcon.colcon_core.package_discovery[0m [1;30mLevel 1[0m discover_packages(path) check parameters
[0.181s] [34mcolcon.colcon_core.package_discovery[0m [1;30mLevel 1[0m discover_packages(colcon_meta) discover
[0.181s] [34mcolcon.colcon_core.package_discovery[0m [1;30mLevel 1[0m discover_packages(recursive) discover
[0.181s] [34mcolcon.colcon_core.package_discovery[0m [1;30mINFO[0m Crawling recursively for packages in '/Users/mateolopezv/Documents/UdeSA/Principios de la Robótica Autónoma/TPs/TP3/ros_ws'
[0.181s] [34mcolcon.colcon_core.package_identification[0m [1;30mLevel 1[0m _identify(.) by extensions ['ignore', 'ignore_ament_install']
[0.181s] [34mcolcon.colcon_core.package_identification[0m [1;30mLevel 1[0m _identify(.) by extension 'ignore'
[0.181s] [34mcolcon.colcon_core.package_identification[0m [1;30mLevel 1[0m _identify(.) by extension 'ignore_ament_install'
[0.181s] [34mcolcon.colcon_core.package_identification[0m [1;30mLevel 1[0m _identify(.) by extensions ['colcon_pkg']
[0.181s] [34mcolcon.colcon_core.package_identification[0m [1;30mLevel 1[0m _identify(.) by extension 'colcon_pkg'
[0.181s] [34mcolcon.colcon_core.package_identification[0m [1;30mLevel 1[0m _identify(.) by extensions ['colcon_meta']
[0.181s] [34mcolcon.colcon_core.package_identification[0m [1;30mLevel 1[0m _identify(.) by extension 'colcon_meta'
[0.181s] [34mcolcon.colcon_core.package_identification[0m [1;30mLevel 1[0m _identify(.) by extensions ['ros']
[0.181s] [34mcolcon.colcon_core.package_identification[0m [1;30mLevel 1[0m _identify(.) by extension 'ros'
[0.199s] [34mcolcon.colcon_core.package_identification[0m [1;30mLevel 1[0m _identify(.) by extensions ['cmake', 'python']
[0.200s] [34mcolcon.colcon_core.package_identification[0m [1;30mLevel 1[0m _identify(.) by extension 'cmake'
[0.200s] [34mcolcon.colcon_core.package_identification[0m [1;30mLevel 1[0m _identify(.) by extension 'python'
[0.200s] [34mcolcon.colcon_core.package_identification[0m [1;30mLevel 1[0m _identify(.) by extensions ['python_setup_py']
[0.200s] [34mcolcon.colcon_core.package_identification[0m [1;30mLevel 1[0m _identify(.) by extension 'python_setup_py'
[0.200s] [34mcolcon.colcon_core.package_identification[0m [1;30mLevel 1[0m _identify(build) by extensions ['ignore', 'ignore_ament_install']
[0.200s] [34mcolcon.colcon_core.package_identification[0m [1;30mLevel 1[0m _identify(build) by extension 'ignore'
[0.200s] [34mcolcon.colcon_core.package_identification[0m [1;30mLevel 1[0m _identify(build) ignored
[0.200s] [34mcolcon.colcon_core.package_identification[0m [1;30mLevel 1[0m _identify(install) by extensions ['ignore', 'ignore_ament_install']
[0.200s] [34mcolcon.colcon_core.package_identification[0m [1;30mLevel 1[0m _identify(install) by extension 'ignore'
[0.200s] [34mcolcon.colcon_core.package_identification[0m [1;30mLevel 1[0m _identify(install) ignored
[0.200s] [34mcolcon.colcon_core.package_identification[0m [1;30mLevel 1[0m _identify(log) by extensions ['ignore', 'ignore_ament_install']
[0.200s] [34mcolcon.colcon_core.package_identification[0m [1;30mLevel 1[0m _identify(log) by extension 'ignore'
[0.200s] [34mcolcon.colcon_core.package_identification[0m [1;30mLevel 1[0m _identify(log) ignored
[0.200s] [34mcolcon.colcon_core.package_identification[0m [1;30mLevel 1[0m _identify(src) by extensions ['ignore', 'ignore_ament_install']
[0.200s] [34mcolcon.colcon_core.package_identification[0m [1;30mLevel 1[0m _identify(src) by extension 'ignore'
[0.200s] [34mcolcon.colcon_core.package_identification[0m [1;30mLevel 1[0m _identify(src) by extension 'ignore_ament_install'
[0.200s] [34mcolcon.colcon_core.package_identification[0m [1;30mLevel 1[0m _identify(src) by extensions ['colcon_pkg']
[0.200s] [34mcolcon.colcon_core.package_identification[0m [1;30mLevel 1[0m _identify(src) by extension 'colcon_pkg'
[0.200s] [34mcolcon.colcon_core.package_identification[0m [1;30mLevel 1[0m _identify(src) by extensions ['colcon_meta']
[0.200s] [34mcolcon.colcon_core.package_identification[0m [1;30mLevel 1[0m _identify(src) by extension 'colcon_meta'
[0.200s] [34mcolcon.colcon_core.package_identification[0m [1;30mLevel 1[0m _identify(src) by extensions ['ros']
[0.200s] [34mcolcon.colcon_core.package_identification[0m [1;30mLevel 1[0m _identify(src) by extension 'ros'
[0.200s] [34mcolcon.colcon_core.package_identification[0m [1;30mLevel 1[0m _identify(src) by extensions ['cmake', 'python']
[0.200s] [34mcolcon.colcon_core.package_identification[0m [1;30mLevel 1[0m _identify(src) by extension 'cmake'
[0.200s] [34mcolcon.colcon_core.package_identification[0m [1;30mLevel 1[0m _identify(src) by extension 'python'
[0.200s] [34mcolcon.colcon_core.package_identification[0m [1;30mLevel 1[0m _identify(src) by extensions ['python_setup_py']
[0.200s] [34mcolcon.colcon_core.package_identification[0m [1;30mLevel 1[0m _identify(src) by extension 'python_setup_py'
[0.200s] [34mcolcon.colcon_core.package_identification[0m [1;30mLevel 1[0m _identify(src/custom_code) by extensions ['ignore', 'ignore_ament_install']
[0.200s] [34mcolcon.colcon_core.package_identification[0m [1;30mLevel 1[0m _identify(src/custom_code) by extension 'ignore'
[0.200s] [34mcolcon.colcon_core.package_identification[0m [1;30mLevel 1[0m _identify(src/custom_code) by extension 'ignore_ament_install'
[0.200s] [34mcolcon.colcon_core.package_identification[0m [1;30mLevel 1[0m _identify(src/custom_code) by extensions ['colcon_pkg']
[0.200s] [34mcolcon.colcon_core.package_identification[0m [1;30mLevel 1[0m _identify(src/custom_code) by extension 'colcon_pkg'
[0.200s] [34mcolcon.colcon_core.package_identification[0m [1;30mLevel 1[0m _identify(src/custom_code) by extensions ['colcon_meta']
[0.200s] [34mcolcon.colcon_core.package_identification[0m [1;30mLevel 1[0m _identify(src/custom_code) by extension 'colcon_meta'
[0.200s] [34mcolcon.colcon_core.package_identification[0m [1;30mLevel 1[0m _identify(src/custom_code) by extensions ['ros']
[0.200s] [34mcolcon.colcon_core.package_identification[0m [1;30mLevel 1[0m _identify(src/custom_code) by extension 'ros'
[0.203s] [34mcolcon.colcon_core.package_identification[0m [1;30mDEBUG[0m [32mPackage 'src/custom_code' with type 'ros.ament_python' and name 'custom_code'[0m
[0.203s] [34mcolcon.colcon_core.package_identification[0m [1;30mLevel 1[0m _identify(src/turtlebot3_custom_simulation) by extensions ['ignore', 'ignore_ament_install']
[0.203s] [34mcolcon.colcon_core.package_identification[0m [1;30mLevel 1[0m _identify(src/turtlebot3_custom_simulation) by extension 'ignore'
[0.203s] [34mcolcon.colcon_core.package_identification[0m [1;30mLevel 1[0m _identify(src/turtlebot3_custom_simulation) by extension 'ignore_ament_install'
[0.203s] [34mcolcon.colcon_core.package_identification[0m [1;30mLevel 1[0m _identify(src/turtlebot3_custom_simulation) by extensions ['colcon_pkg']
[0.203s] [34mcolcon.colcon_core.package_identification[0m [1;30mLevel 1[0m _identify(src/turtlebot3_custom_simulation) by extension 'colcon_pkg'
[0.203s] [34mcolcon.colcon_core.package_identification[0m [1;30mLevel 1[0m _identify(src/turtlebot3_custom_simulation) by extensions ['colcon_meta']
[0.203s] [34mcolcon.colcon_core.package_identification[0m [1;30mLevel 1[0m _identify(src/turtlebot3_custom_simulation) by extension 'colcon_meta'
[0.203s] [34mcolcon.colcon_core.package_identification[0m [1;30mLevel 1[0m _identify(src/turtlebot3_custom_simulation) by extensions ['ros']
[0.203s] [34mcolcon.colcon_core.package_identification[0m [1;30mLevel 1[0m _identify(src/turtlebot3_custom_simulation) by extension 'ros'
[0.203s] [34mcolcon.colcon_core.package_identification[0m [1;30mDEBUG[0m [32mPackage 'src/turtlebot3_custom_simulation' with type 'ros.ament_cmake' and name 'turtlebot3_custom_simulation'[0m
[0.203s] [34mcolcon.colcon_core.package_discovery[0m [1;30mLevel 1[0m discover_packages(recursive) using defaults
[0.203s] [34mcolcon.colcon_core.package_discovery[0m [1;30mLevel 1[0m discover_packages(ignore) discover
[0.203s] [34mcolcon.colcon_core.package_discovery[0m [1;30mLevel 1[0m discover_packages(ignore) using defaults
[0.204s] [34mcolcon.colcon_core.package_discovery[0m [1;30mLevel 1[0m discover_packages(path) discover
[0.204s] [34mcolcon.colcon_core.package_discovery[0m [1;30mLevel 1[0m discover_packages(path) using defaults
[0.216s] [34mcolcon.colcon_core.verb[0m [1;30mLevel 5[0m set package 'custom_code' build argument 'cmake_args' from command line to 'None'
[0.216s] [34mcolcon.colcon_core.verb[0m [1;30mLevel 5[0m set package 'custom_code' build argument 'cmake_target' from command line to 'None'
[0.216s] [34mcolcon.colcon_core.verb[0m [1;30mLevel 5[0m set package 'custom_code' build argument 'cmake_target_skip_unavailable' from command line to 'False'
[0.216s] [34mcolcon.colcon_core.verb[0m [1;30mLevel 5[0m set package 'custom_code' build argument 'cmake_clean_cache' from command line to 'False'
[0.216s] [34mcolcon.colcon_core.verb[0m [1;30mLevel 5[0m set package 'custom_code' build argument 'cmake_clean_first' from command line to 'False'
[0.216s] [34mcolcon.colcon_core.verb[0m [1;30mLevel 5[0m set package 'custom_code' build argument 'cmake_force_configure' from command line to 'False'
[0.216s] [34mcolcon.colcon_core.verb[0m [1;30mLevel 5[0m set package 'custom_code' build argument 'ament_cmake_args' from command line to 'None'
[0.216s] [34mcolcon.colcon_core.verb[0m [1;30mLevel 5[0m set package 'custom_code' build argument 'catkin_cmake_args' from command line to 'None'
[0.216s] [34mcolcon.colcon_core.verb[0m [1;30mLevel 5[0m set package 'custom_code' build argument 'catkin_skip_building_tests' from command line to 'False'
[0.216s] [34mcolcon.colcon_core.verb[0m [1;30mDEBUG[0m [32mBuilding package 'custom_code' with the following arguments: {'ament_cmake_args': None, 'build_base': '/Users/mateolopezv/Documents/UdeSA/Principios de la Robótica Autónoma/TPs/TP3/ros_ws/build/custom_code', 'catkin_cmake_args': None, 'catkin_skip_building_tests': False, 'cmake_args': None, 'cmake_clean_cache': False, 'cmake_clean_first': False, 'cmake_force_configure': False, 'cmake_target': None, 'cmake_target_skip_unavailable': False, 'install_base': '/Users/mateolopezv/Documents/UdeSA/Principios de la Robótica Autónoma/TPs/TP3/ros_ws/install/custom_code', 'merge_install': False, 'path': '/Users/mateolopezv/Documents/UdeSA/Principios de la Robótica Autónoma/TPs/TP3/ros_ws/src/custom_code', 'symlink_install': False, 'test_result_base': None}[0m
[0.217s] [34mcolcon.colcon_core.verb[0m [1;30mLevel 5[0m set package 'turtlebot3_custom_simulation' build argument 'cmake_args' from command line to 'None'
[0.217s] [34mcolcon.colcon_core.verb[0m [1;30mLevel 5[0m set package 'turtlebot3_custom_simulation' build argument 'cmake_target' from command line to 'None'
[0.217s] [34mcolcon.colcon_core.verb[0m [1;30mLevel 5[0m set package 'turtlebot3_custom_simulation' build argument 'cmake_target_skip_unavailable' from command line to 'False'
[0.217s] [34mcolcon.colcon_core.verb[0m [1;30mLevel 5[0m set package 'turtlebot3_custom_simulation' build argument 'cmake_clean_cache' from command line to 'False'
[0.217s] [34mcolcon.colcon_core.verb[0m [1;30mLevel 5[0m set package 'turtlebot3_custom_simulation' build argument 'cmake_clean_first' from command line to 'False'
[0.217s] [34mcolcon.colcon_core.verb[0m [1;30mLevel 5[0m set package 'turtlebot3_custom_simulation' build argument 'cmake_force_configure' from command line to 'False'
[0.217s] [34mcolcon.colcon_core.verb[0m [1;30mLevel 5[0m set package 'turtlebot3_custom_simulation' build argument 'ament_cmake_args' from command line to 'None'
[0.217s] [34mcolcon.colcon_core.verb[0m [1;30mLevel 5[0m set package 'turtlebot3_custom_simulation' build argument 'catkin_cmake_args' from command line to 'None'
[0.217s] [34mcolcon.colcon_core.verb[0m [1;30mLevel 5[0m set package 'turtlebot3_custom_simulation' build argument 'catkin_skip_building_tests' from command line to 'False'
[0.217s] [34mcolcon.colcon_core.verb[0m [1;30mDEBUG[0m [32mBuilding package 'turtlebot3_custom_simulation' with the following arguments: {'ament_cmake_args': None, 'build_base': '/Users/mateolopezv/Documents/UdeSA/Principios de la Robótica Autónoma/TPs/TP3/ros_ws/build/turtlebot3_custom_simulation', 'catkin_cmake_args': None, 'catkin_skip_building_tests': False, 'cmake_args': None, 'cmake_clean_cache': False, 'cmake_clean_first': False, 'cmake_force_configure': False, 'cmake_target': None, 'cmake_target_skip_unavailable': False, 'install_base': '/Users/mateolopezv/Documents/UdeSA/Principios de la Robótica Autónoma/TPs/TP3/ros_ws/install/turtlebot3_custom_simulation', 'merge_install': False, 'path': '/Users/mateolopezv/Documents/UdeSA/Principios de la Robótica Autónoma/TPs/TP3/ros_ws/src/turtlebot3_custom_simulation', 'symlink_install': False, 'test_result_base': None}[0m
[0.217s] [34mcolcon.colcon_core.executor[0m [1;30mINFO[0m Executing jobs using 'parallel' executor
[0.217s] [34mcolcon.colcon_parallel_executor.executor.parallel[0m [1;30mDEBUG[0m [32mrun_until_complete[0m
[0.217s] [34mcolcon.colcon_ros.task.ament_python.build[0m [1;30mINFO[0m Building ROS package in '/Users/mateolopezv/Documents/UdeSA/Principios de la Robótica Autónoma/TPs/TP3/ros_ws/src/custom_code' with build type 'ament_python'
[0.217s] [34mcolcon.colcon_core.shell[0m [1;30mLevel 1[0m create_environment_hook('custom_code', 'ament_prefix_path')
[0.219s] [34mcolcon.colcon_core.plugin_system[0m [1;30mINFO[0m Skipping extension 'colcon_core.shell.bat': Not used on non-Windows systems
[0.219s] [34mcolcon.colcon_core.shell[0m [1;30mINFO[0m Creating environment hook '/Users/mateolopezv/Documents/UdeSA/Principios de la Robótica Autónoma/TPs/TP3/ros_ws/install/custom_code/share/custom_code/hook/ament_prefix_path.ps1'
[0.219s] [34mcolcon.colcon_core.shell[0m [1;30mINFO[0m Creating environment descriptor '/Users/mateolopezv/Documents/UdeSA/Principios de la Robótica Autónoma/TPs/TP3/ros_ws/install/custom_code/share/custom_code/hook/ament_prefix_path.dsv'
[0.220s] [34mcolcon.colcon_core.shell[0m [1;30mINFO[0m Creating environment hook '/Users/mateolopezv/Documents/UdeSA/Principios de la Robótica Autónoma/TPs/TP3/ros_ws/install/custom_code/share/custom_code/hook/ament_prefix_path.sh'
[0.220s] [34mcolcon.colcon_core.shell[0m [1;30mINFO[0m Skip shell extension 'powershell' for command environment: Not usable outside of PowerShell
[0.220s] [34mcolcon.colcon_core.shell[0m [1;30mDEBUG[0m [32mSkip shell extension 'dsv' for command environment[0m
[0.224s] [34mcolcon.colcon_ros.task.ament_cmake.build[0m [1;30mINFO[0m Building ROS package in '/Users/mateolopezv/Documents/UdeSA/Principios de la Robótica Autónoma/TPs/TP3/ros_ws/src/turtlebot3_custom_simulation' with build type 'ament_cmake'
[0.225s] [34mcolcon.colcon_cmake.task.cmake.build[0m [1;30mINFO[0m Building CMake package in '/Users/mateolopezv/Documents/UdeSA/Principios de la Robótica Autónoma/TPs/TP3/ros_ws/src/turtlebot3_custom_simulation'
[0.225s] [34mcolcon.colcon_core.shell[0m [1;30mINFO[0m Skip shell extension 'powershell' for command environment: Not usable outside of PowerShell
[0.225s] [34mcolcon.colcon_core.shell[0m [1;30mDEBUG[0m [32mSkip shell extension 'dsv' for command environment[0m
[0.354s] [34mcolcon.colcon_core.task.python.build[0m [1;30mINFO[0m Building Python package in '/Users/mateolopezv/Documents/UdeSA/Principios de la Robótica Autónoma/TPs/TP3/ros_ws/src/custom_code'
[0.354s] [34mcolcon.colcon_core.shell[0m [1;30mINFO[0m Skip shell extension 'powershell' for command environment: Not usable outside of PowerShell
[0.354s] [34mcolcon.colcon_core.shell[0m [1;30mDEBUG[0m [32mSkip shell extension 'dsv' for command environment[0m
[0.360s] [34mcolcon.colcon_core.event_handler.log_command[0m [1;30mDEBUG[0m [32mInvoking command in '/Users/mateolopezv/Documents/UdeSA/Principios de la Robótica Autónoma/TPs/TP3/ros_ws/build/turtlebot3_custom_simulation': CONDA_PROMPT_MODIFIER=(rosenv) SHLVL=2 _=/Users/mateolopezv/miniforge3/envs/rosenv/bin/env /Users/mateolopezv/miniforge3/envs/rosenv/bin/cmake /Users/mateolopezv/Documents/UdeSA/Principios de la Robótica Autónoma/TPs/TP3/ros_ws/src/turtlebot3_custom_simulation -DCMAKE_INSTALL_PREFIX=/Users/mateolopezv/Documents/UdeSA/Principios de la Robótica Autónoma/TPs/TP3/ros_ws/install/turtlebot3_custom_simulation[0m
[0.638s] [34mcolcon.colcon_core.event_handler.log_command[0m [1;30mDEBUG[0m [32mInvoking command in '/Users/mateolopezv/Documents/UdeSA/Principios de la Robótica Autónoma/TPs/TP3/ros_ws/src/custom_code': CONDA_PROMPT_MODIFIER=(rosenv) PYTHONPATH=/Users/mateolopezv/Documents/UdeSA/Principios de la Robótica Autónoma/TPs/TP3/ros_ws/build/custom_code/prefix_override:/Users/mateolopezv/miniforge3/envs/rosenv/lib/python3.11/site-packages/colcon_core/task/python/colcon_distutils_commands:/Users/mateolopezv/Documents/UdeSA/Principios de la Robótica Autónoma/TPs/TP3/ros_ws/install/custom_code/lib/python3.11/site-packages:${PYTHONPATH} SHLVL=2 _=/Users/mateolopezv/miniforge3/envs/rosenv/bin/env /Users/mateolopezv/miniforge3/envs/rosenv/bin/python3.11 -W ignore:setup.py install is deprecated -W ignore:easy_install command is deprecated setup.py egg_info --egg-base ../../build/custom_code build --build-base /Users/mateolopezv/Documents/UdeSA/Principios de la Robótica Autónoma/TPs/TP3/ros_ws/build/custom_code/build install --record /Users/mateolopezv/Documents/UdeSA/Principios de la Robótica Autónoma/TPs/TP3/ros_ws/build/custom_code/install.log --single-version-externally-managed install_data[0m
[0.912s] [34mcolcon.colcon_core.event_handler.log_command[0m [1;30mDEBUG[0m [32mInvoked command in '/Users/mateolopezv/Documents/UdeSA/Principios de la Robótica Autónoma/TPs/TP3/ros_ws/src/custom_code' returned '0': CONDA_PROMPT_MODIFIER=(rosenv) PYTHONPATH=/Users/mateolopezv/Documents/UdeSA/Principios de la Robótica Autónoma/TPs/TP3/ros_ws/build/custom_code/prefix_override:/Users/mateolopezv/miniforge3/envs/rosenv/lib/python3.11/site-packages/colcon_core/task/python/colcon_distutils_commands:/Users/mateolopezv/Documents/UdeSA/Principios de la Robótica Autónoma/TPs/TP3/ros_ws/install/custom_code/lib/python3.11/site-packages:${PYTHONPATH} SHLVL=2 _=/Users/mateolopezv/miniforge3/envs/rosenv/bin/env /Users/mateolopezv/miniforge3/envs/rosenv/bin/python3.11 -W ignore:setup.py install is deprecated -W ignore:easy_install command is deprecated setup.py egg_info --egg-base ../../build/custom_code build --build-base /Users/mateolopezv/Documents/UdeSA/Principios de la Robótica Autónoma/TPs/TP3/ros_ws/build/custom_code/build install --record /Users/mateolopezv/Documents/UdeSA/Principios de la Robótica Autónoma/TPs/TP3/ros_ws/build/custom_code/install.log --single-version-externally-managed install_data[0m
[0.915s] [34mcolcon.colcon_core.environment[0m [1;30mLevel 1[0m checking '/Users/mateolopezv/Documents/UdeSA/Principios de la Robótica Autónoma/TPs/TP3/ros_ws/install/custom_code' for CMake module files
[0.915s] [34mcolcon.colcon_core.environment[0m [1;30mLevel 1[0m checking '/Users/mateolopezv/Documents/UdeSA/Principios de la Robótica Autónoma/TPs/TP3/ros_ws/install/custom_code' for CMake config files
[0.916s] [34mcolcon.colcon_core.environment[0m [1;30mLevel 1[0m checking '/Users/mateolopezv/Documents/UdeSA/Principios de la Robótica Autónoma/TPs/TP3/ros_ws/install/custom_code/lib'
[0.916s] [34mcolcon.colcon_core.environment[0m [1;30mLevel 1[0m checking '/Users/mateolopezv/Documents/UdeSA/Principios de la Robótica Autónoma/TPs/TP3/ros_ws/install/custom_code/bin'
[0.916s] [34mcolcon.colcon_core.environment[0m [1;30mLevel 1[0m checking '/Users/mateolopezv/Documents/UdeSA/Principios de la Robótica Autónoma/TPs/TP3/ros_ws/install/custom_code/lib/pkgconfig/custom_code.pc'
[0.916s] [34mcolcon.colcon_core.environment[0m [1;30mLevel 1[0m checking '/Users/mateolopezv/Documents/UdeSA/Principios de la Robótica Autónoma/TPs/TP3/ros_ws/install/custom_code/lib/python3.11/site-packages'
[0.916s] [34mcolcon.colcon_core.shell[0m [1;30mLevel 1[0m create_environment_hook('custom_code', 'pythonpath')
[0.916s] [34mcolcon.colcon_core.shell[0m [1;30mINFO[0m Creating environment hook '/Users/mateolopezv/Documents/UdeSA/Principios de la Robótica Autónoma/TPs/TP3/ros_ws/install/custom_code/share/custom_code/hook/pythonpath.ps1'
[0.917s] [34mcolcon.colcon_core.shell[0m [1;30mINFO[0m Creating environment descriptor '/Users/mateolopezv/Documents/UdeSA/Principios de la Robótica Autónoma/TPs/TP3/ros_ws/install/custom_code/share/custom_code/hook/pythonpath.dsv'
[0.917s] [34mcolcon.colcon_core.shell[0m [1;30mINFO[0m Creating environment hook '/Users/mateolopezv/Documents/UdeSA/Principios de la Robótica Autónoma/TPs/TP3/ros_ws/install/custom_code/share/custom_code/hook/pythonpath.sh'
[0.918s] [34mcolcon.colcon_core.environment[0m [1;30mLevel 1[0m checking '/Users/mateolopezv/Documents/UdeSA/Principios de la Robótica Autónoma/TPs/TP3/ros_ws/install/custom_code/bin'
[0.918s] [34mcolcon.colcon_core.environment[0m [1;30mLevel 1[0m create_environment_scripts_only(custom_code)
[0.918s] [34mcolcon.colcon_core.shell[0m [1;30mINFO[0m Creating package script '/Users/mateolopezv/Documents/UdeSA/Principios de la Robótica Autónoma/TPs/TP3/ros_ws/install/custom_code/share/custom_code/package.ps1'
[0.919s] [34mcolcon.colcon_core.shell[0m [1;30mINFO[0m Creating package descriptor '/Users/mateolopezv/Documents/UdeSA/Principios de la Robótica Autónoma/TPs/TP3/ros_ws/install/custom_code/share/custom_code/package.dsv'
[0.919s] [34mcolcon.colcon_core.shell[0m [1;30mINFO[0m Creating package script '/Users/mateolopezv/Documents/UdeSA/Principios de la Robótica Autónoma/TPs/TP3/ros_ws/install/custom_code/share/custom_code/package.sh'
[0.920s] [34mcolcon.colcon_core.shell[0m [1;30mINFO[0m Creating package script '/Users/mateolopezv/Documents/UdeSA/Principios de la Robótica Autónoma/TPs/TP3/ros_ws/install/custom_code/share/custom_code/package.bash'
[0.920s] [34mcolcon.colcon_core.shell[0m [1;30mINFO[0m Creating package script '/Users/mateolopezv/Documents/UdeSA/Principios de la Robótica Autónoma/TPs/TP3/ros_ws/install/custom_code/share/custom_code/package.zsh'
[0.921s] [34mcolcon.colcon_core.environment[0m [1;30mLevel 1[0m create_file_with_runtime_dependencies(/Users/mateolopezv/Documents/UdeSA/Principios de la Robótica Autónoma/TPs/TP3/ros_ws/install/custom_code/share/colcon-core/packages/custom_code)
[3.449s] [34mcolcon.colcon_core.event_handler.log_command[0m [1;30mDEBUG[0m [32mInvoked command in '/Users/mateolopezv/Documents/UdeSA/Principios de la Robótica Autónoma/TPs/TP3/ros_ws/build/turtlebot3_custom_simulation' returned '0': CONDA_PROMPT_MODIFIER=(rosenv) SHLVL=2 _=/Users/mateolopezv/miniforge3/envs/rosenv/bin/env /Users/mateolopezv/miniforge3/envs/rosenv/bin/cmake /Users/mateolopezv/Documents/UdeSA/Principios de la Robótica Autónoma/TPs/TP3/ros_ws/src/turtlebot3_custom_simulation -DCMAKE_INSTALL_PREFIX=/Users/mateolopezv/Documents/UdeSA/Principios de la Robótica Autónoma/TPs/TP3/ros_ws/install/turtlebot3_custom_simulation[0m
[3.451s] [34mcolcon.colcon_core.event_handler.log_command[0m [1;30mDEBUG[0m [32mInvoking command in '/Users/mateolopezv/Documents/UdeSA/Principios de la Robótica Autónoma/TPs/TP3/ros_ws/build/turtlebot3_custom_simulation': CONDA_PROMPT_MODIFIER=(rosenv) SHLVL=2 _=/Users/mateolopezv/miniforge3/envs/rosenv/bin/env /Users/mateolopezv/miniforge3/envs/rosenv/bin/cmake --build /Users/mateolopezv/Documents/UdeSA/Principios de la Robótica Autónoma/TPs/TP3/ros_ws/build/turtlebot3_custom_simulation -- -j10 -l10[0m
[8.291s] [34mcolcon.colcon_core.event_handler.log_command[0m [1;30mDEBUG[0m [32mInvoked command in '/Users/mateolopezv/Documents/UdeSA/Principios de la Robótica Autónoma/TPs/TP3/ros_ws/build/turtlebot3_custom_simulation' returned '0': CONDA_PROMPT_MODIFIER=(rosenv) SHLVL=2 _=/Users/mateolopezv/miniforge3/envs/rosenv/bin/env /Users/mateolopezv/miniforge3/envs/rosenv/bin/cmake --build /Users/mateolopezv/Documents/UdeSA/Principios de la Robótica Autónoma/TPs/TP3/ros_ws/build/turtlebot3_custom_simulation -- -j10 -l10[0m
[8.378s] [34mcolcon.colcon_core.event_handler.log_command[0m [1;30mDEBUG[0m [32mInvoking command in '/Users/mateolopezv/Documents/UdeSA/Principios de la Robótica Autónoma/TPs/TP3/ros_ws/build/turtlebot3_custom_simulation': CONDA_PROMPT_MODIFIER=(rosenv) SHLVL=2 _=/Users/mateolopezv/miniforge3/envs/rosenv/bin/env /Users/mateolopezv/miniforge3/envs/rosenv/bin/cmake --install /Users/mateolopezv/Documents/UdeSA/Principios de la Robótica Autónoma/TPs/TP3/ros_ws/build/turtlebot3_custom_simulation[0m
[8.399s] [34mcolcon.colcon_core.environment[0m [1;30mLevel 1[0m create_environment_scripts_only(turtlebot3_custom_simulation)
[8.399s] [34mcolcon.colcon_core.environment[0m [1;30mLevel 1[0m checking '/Users/mateolopezv/Documents/UdeSA/Principios de la Robótica Autónoma/TPs/TP3/ros_ws/install/turtlebot3_custom_simulation' for CMake module files
[8.400s] [34mcolcon.colcon_core.event_handler.log_command[0m [1;30mDEBUG[0m [32mInvoked command in '/Users/mateolopezv/Documents/UdeSA/Principios de la Robótica Autónoma/TPs/TP3/ros_ws/build/turtlebot3_custom_simulation' returned '0': CONDA_PROMPT_MODIFIER=(rosenv) SHLVL=2 _=/Users/mateolopezv/miniforge3/envs/rosenv/bin/env /Users/mateolopezv/miniforge3/envs/rosenv/bin/cmake --install /Users/mateolopezv/Documents/UdeSA/Principios de la Robótica Autónoma/TPs/TP3/ros_ws/build/turtlebot3_custom_simulation[0m
[8.400s] [34mcolcon.colcon_core.environment[0m [1;30mLevel 1[0m checking '/Users/mateolopezv/Documents/UdeSA/Principios de la Robótica Autónoma/TPs/TP3/ros_ws/install/turtlebot3_custom_simulation' for CMake config files
[8.400s] [34mcolcon.colcon_core.shell[0m [1;30mLevel 1[0m create_environment_hook('turtlebot3_custom_simulation', 'cmake_prefix_path')
[8.400s] [34mcolcon.colcon_core.shell[0m [1;30mINFO[0m Creating environment hook '/Users/mateolopezv/Documents/UdeSA/Principios de la Robótica Autónoma/TPs/TP3/ros_ws/install/turtlebot3_custom_simulation/share/turtlebot3_custom_simulation/hook/cmake_prefix_path.ps1'
[8.401s] [34mcolcon.colcon_core.shell[0m [1;30mINFO[0m Creating environment descriptor '/Users/mateolopezv/Documents/UdeSA/Principios de la Robótica Autónoma/TPs/TP3/ros_ws/install/turtlebot3_custom_simulation/share/turtlebot3_custom_simulation/hook/cmake_prefix_path.dsv'
[8.401s] [34mcolcon.colcon_core.shell[0m [1;30mINFO[0m Creating environment hook '/Users/mateolopezv/Documents/UdeSA/Principios de la Robótica Autónoma/TPs/TP3/ros_ws/install/turtlebot3_custom_simulation/share/turtlebot3_custom_simulation/hook/cmake_prefix_path.sh'
[8.401s] [34mcolcon.colcon_core.environment[0m [1;30mLevel 1[0m checking '/Users/mateolopezv/Documents/UdeSA/Principios de la Robótica Autónoma/TPs/TP3/ros_ws/install/turtlebot3_custom_simulation/lib'
[8.401s] [34mcolcon.colcon_core.environment[0m [1;30mLevel 1[0m checking '/Users/mateolopezv/Documents/UdeSA/Principios de la Robótica Autónoma/TPs/TP3/ros_ws/install/turtlebot3_custom_simulation/bin'
[8.401s] [34mcolcon.colcon_core.environment[0m [1;30mLevel 1[0m checking '/Users/mateolopezv/Documents/UdeSA/Principios de la Robótica Autónoma/TPs/TP3/ros_ws/install/turtlebot3_custom_simulation/lib/pkgconfig/turtlebot3_custom_simulation.pc'
[8.402s] [34mcolcon.colcon_core.environment[0m [1;30mLevel 1[0m checking '/Users/mateolopezv/Documents/UdeSA/Principios de la Robótica Autónoma/TPs/TP3/ros_ws/install/turtlebot3_custom_simulation/lib/python3.11/site-packages'
[8.402s] [34mcolcon.colcon_core.environment[0m [1;30mLevel 1[0m checking '/Users/mateolopezv/Documents/UdeSA/Principios de la Robótica Autónoma/TPs/TP3/ros_ws/install/turtlebot3_custom_simulation/bin'
[8.402s] [34mcolcon.colcon_core.shell[0m [1;30mINFO[0m Creating package script '/Users/mateolopezv/Documents/UdeSA/Principios de la Robótica Autónoma/TPs/TP3/ros_ws/install/turtlebot3_custom_simulation/share/turtlebot3_custom_simulation/package.ps1'
[8.402s] [34mcolcon.colcon_core.shell[0m [1;30mINFO[0m Creating package descriptor '/Users/mateolopezv/Documents/UdeSA/Principios de la Robótica Autónoma/TPs/TP3/ros_ws/install/turtlebot3_custom_simulation/share/turtlebot3_custom_simulation/package.dsv'
[8.403s] [34mcolcon.colcon_core.shell[0m [1;30mINFO[0m Creating package script '/Users/mateolopezv/Documents/UdeSA/Principios de la Robótica Autónoma/TPs/TP3/ros_ws/install/turtlebot3_custom_simulation/share/turtlebot3_custom_simulation/package.sh'
[8.403s] [34mcolcon.colcon_core.shell[0m [1;30mINFO[0m Creating package script '/Users/mateolopezv/Documents/UdeSA/Principios de la Robótica Autónoma/TPs/TP3/ros_ws/install/turtlebot3_custom_simulation/share/turtlebot3_custom_simulation/package.bash'
[8.404s] [34mcolcon.colcon_core.shell[0m [1;30mINFO[0m Creating package script '/Users/mateolopezv/Documents/UdeSA/Principios de la Robótica Autónoma/TPs/TP3/ros_ws/install/turtlebot3_custom_simulation/share/turtlebot3_custom_simulation/package.zsh'
[8.404s] [34mcolcon.colcon_core.environment[0m [1;30mLevel 1[0m create_file_with_runtime_dependencies(/Users/mateolopezv/Documents/UdeSA/Principios de la Robótica Autónoma/TPs/TP3/ros_ws/install/turtlebot3_custom_simulation/share/colcon-core/packages/turtlebot3_custom_simulation)
[8.468s] [34mcolcon.colcon_core.environment[0m [1;30mLevel 1[0m create_environment_scripts_only(turtlebot3_custom_simulation)
[8.468s] [34mcolcon.colcon_core.environment[0m [1;30mLevel 1[0m checking '/Users/mateolopezv/Documents/UdeSA/Principios de la Robótica Autónoma/TPs/TP3/ros_ws/install/turtlebot3_custom_simulation' for CMake module files
[8.469s] [34mcolcon.colcon_core.environment[0m [1;30mLevel 1[0m checking '/Users/mateolopezv/Documents/UdeSA/Principios de la Robótica Autónoma/TPs/TP3/ros_ws/install/turtlebot3_custom_simulation' for CMake config files
[8.469s] [34mcolcon.colcon_core.shell[0m [1;30mLevel 1[0m create_environment_hook('turtlebot3_custom_simulation', 'cmake_prefix_path')
[8.469s] [34mcolcon.colcon_core.shell[0m [1;30mINFO[0m Creating environment hook '/Users/mateolopezv/Documents/UdeSA/Principios de la Robótica Autónoma/TPs/TP3/ros_ws/install/turtlebot3_custom_simulation/share/turtlebot3_custom_simulation/hook/cmake_prefix_path.ps1'
[8.470s] [34mcolcon.colcon_core.shell[0m [1;30mINFO[0m Creating environment descriptor '/Users/mateolopezv/Documents/UdeSA/Principios de la Robótica Autónoma/TPs/TP3/ros_ws/install/turtlebot3_custom_simulation/share/turtlebot3_custom_simulation/hook/cmake_prefix_path.dsv'
[8.470s] [34mcolcon.colcon_core.shell[0m [1;30mINFO[0m Creating environment hook '/Users/mateolopezv/Documents/UdeSA/Principios de la Robótica Autónoma/TPs/TP3/ros_ws/install/turtlebot3_custom_simulation/share/turtlebot3_custom_simulation/hook/cmake_prefix_path.sh'
[8.470s] [34mcolcon.colcon_core.environment[0m [1;30mLevel 1[0m checking '/Users/mateolopezv/Documents/UdeSA/Principios de la Robótica Autónoma/TPs/TP3/ros_ws/install/turtlebot3_custom_simulation/lib'
[8.470s] [34mcolcon.colcon_core.environment[0m [1;30mLevel 1[0m checking '/Users/mateolopezv/Documents/UdeSA/Principios de la Robótica Autónoma/TPs/TP3/ros_ws/install/turtlebot3_custom_simulation/bin'
[8.470s] [34mcolcon.colcon_core.environment[0m [1;30mLevel 1[0m checking '/Users/mateolopezv/Documents/UdeSA/Principios de la Robótica Autónoma/TPs/TP3/ros_ws/install/turtlebot3_custom_simulation/lib/pkgconfig/turtlebot3_custom_simulation.pc'
[8.470s] [34mcolcon.colcon_core.environment[0m [1;30mLevel 1[0m checking '/Users/mateolopezv/Documents/UdeSA/Principios de la Robótica Autónoma/TPs/TP3/ros_ws/install/turtlebot3_custom_simulation/lib/python3.11/site-packages'
[8.470s] [34mcolcon.colcon_core.environment[0m [1;30mLevel 1[0m checking '/Users/mateolopezv/Documents/UdeSA/Principios de la Robótica Autónoma/TPs/TP3/ros_ws/install/turtlebot3_custom_simulation/bin'
[8.471s] [34mcolcon.colcon_core.shell[0m [1;30mINFO[0m Creating package script '/Users/mateolopezv/Documents/UdeSA/Principios de la Robótica Autónoma/TPs/TP3/ros_ws/install/turtlebot3_custom_simulation/share/turtlebot3_custom_simulation/package.ps1'
[8.471s] [34mcolcon.colcon_core.shell[0m [1;30mINFO[0m Creating package descriptor '/Users/mateolopezv/Documents/UdeSA/Principios de la Robótica Autónoma/TPs/TP3/ros_ws/install/turtlebot3_custom_simulation/share/turtlebot3_custom_simulation/package.dsv'
[8.471s] [34mcolcon.colcon_core.shell[0m [1;30mINFO[0m Creating package script '/Users/mateolopezv/Documents/UdeSA/Principios de la Robótica Autónoma/TPs/TP3/ros_ws/install/turtlebot3_custom_simulation/share/turtlebot3_custom_simulation/package.sh'
[8.471s] [34mcolcon.colcon_core.shell[0m [1;30mINFO[0m Creating package script '/Users/mateolopezv/Documents/UdeSA/Principios de la Robótica Autónoma/TPs/TP3/ros_ws/install/turtlebot3_custom_simulation/share/turtlebot3_custom_simulation/package.bash'
[8.471s] [34mcolcon.colcon_core.shell[0m [1;30mINFO[0m Creating package script '/Users/mateolopezv/Documents/UdeSA/Principios de la Robótica Autónoma/TPs/TP3/ros_ws/install/turtlebot3_custom_simulation/share/turtlebot3_custom_simulation/package.zsh'
[8.472s] [34mcolcon.colcon_core.environment[0m [1;30mLevel 1[0m create_file_with_runtime_dependencies(/Users/mateolopezv/Documents/UdeSA/Principios de la Robótica Autónoma/TPs/TP3/ros_ws/install/turtlebot3_custom_simulation/share/colcon-core/packages/turtlebot3_custom_simulation)
[8.472s] [34mcolcon.colcon_parallel_executor.executor.parallel[0m [1;30mDEBUG[0m [32mclosing loop[0m
[8.472s] [34mcolcon.colcon_parallel_executor.executor.parallel[0m [1;30mDEBUG[0m [32mloop closed[0m
[8.472s] [34mcolcon.colcon_parallel_executor.executor.parallel[0m [1;30mDEBUG[0m [32mrun_until_complete finished with '0'[0m
[8.472s] [34mcolcon.colcon_core.event_reactor[0m [1;30mDEBUG[0m [32mjoining thread[0m
[8.473s] [34mcolcon.colcon_core.event_reactor[0m [1;30mDEBUG[0m [32mjoined thread[0m
[8.473s] [34mcolcon.colcon_core.shell[0m [1;30mINFO[0m Creating prefix script '/Users/mateolopezv/Documents/UdeSA/Principios de la Robótica Autónoma/TPs/TP3/ros_ws/install/local_setup.ps1'
[8.474s] [34mcolcon.colcon_core.shell[0m [1;30mINFO[0m Creating prefix util module '/Users/mateolopezv/Documents/UdeSA/Principios de la Robótica Autónoma/TPs/TP3/ros_ws/install/_local_setup_util_ps1.py'
[8.475s] [34mcolcon.colcon_core.shell[0m [1;30mINFO[0m Creating prefix chain script '/Users/mateolopezv/Documents/UdeSA/Principios de la Robótica Autónoma/TPs/TP3/ros_ws/install/setup.ps1'
[8.475s] [34mcolcon.colcon_core.shell[0m [1;30mINFO[0m Creating prefix script '/Users/mateolopezv/Documents/UdeSA/Principios de la Robótica Autónoma/TPs/TP3/ros_ws/install/local_setup.sh'
[8.476s] [34mcolcon.colcon_core.shell[0m [1;30mINFO[0m Creating prefix util module '/Users/mateolopezv/Documents/UdeSA/Principios de la Robótica Autónoma/TPs/TP3/ros_ws/install/_local_setup_util_sh.py'
[8.476s] [34mcolcon.colcon_core.shell[0m [1;30mINFO[0m Creating prefix chain script '/Users/mateolopezv/Documents/UdeSA/Principios de la Robótica Autónoma/TPs/TP3/ros_ws/install/setup.sh'
[8.476s] [34mcolcon.colcon_core.shell[0m [1;30mINFO[0m Creating prefix script '/Users/mateolopezv/Documents/UdeSA/Principios de la Robótica Autónoma/TPs/TP3/ros_ws/install/local_setup.bash'
[8.477s] [34mcolcon.colcon_core.shell[0m [1;30mINFO[0m Creating prefix chain script '/Users/mateolopezv/Documents/UdeSA/Principios de la Robótica Autónoma/TPs/TP3/ros_ws/install/setup.bash'
[8.477s] [34mcolcon.colcon_core.shell[0m [1;30mINFO[0m Creating prefix script '/Users/mateolopezv/Documents/UdeSA/Principios de la Robótica Autónoma/TPs/TP3/ros_ws/install/local_setup.zsh'
[8.478s] [34mcolcon.colcon_core.shell[0m [1;30mINFO[0m Creating prefix chain script '/Users/mateolopezv/Documents/UdeSA/Principios de la Robótica Autónoma/TPs/TP3/ros_ws/install/setup.zsh'
