-- The C compiler identification is Clang 18.1.7
-- The CXX compiler identification is Clang 18.1.7
-- Detecting C compiler ABI info
-- Detecting C compiler ABI info - done
-- Check for working C compiler: /Users/mateolopezv/miniforge3/envs/rosenv/bin/arm64-apple-darwin20.0.0-clang - skipped
-- Detecting C compile features
-- Detecting C compile features - done
-- Detecting CXX compiler ABI info
-- Detecting CXX compiler ABI info - done
-- Check for working CXX compiler: /Users/mateolopezv/miniforge3/envs/rosenv/bin/arm64-apple-darwin20.0.0-clang++ - skipped
-- Detecting CXX compile features
-- Detecting CXX compile features - done
-- Found ament_cmake: 1.3.7 (/Users/mateolopezv/miniforge3/envs/rosenv/share/ament_cmake/cmake)
-- Found Python3: /opt/homebrew/Frameworks/Python.framework/Versions/3.13/bin/python3.13 (found version "3.13.4") found components: Interpreter 
-- Found geometry_msgs: 4.2.3 (/Users/mateolopezv/miniforge3/envs/rosenv/share/geometry_msgs/cmake)
-- Found rosidl_generator_c: 3.1.5 (/Users/mateolopezv/miniforge3/envs/rosenv/share/rosidl_generator_c/cmake)
-- Found rosidl_adapter: 3.1.5 (/Users/mateolopezv/miniforge3/envs/rosenv/share/rosidl_adapter/cmake)
-- Found rosidl_generator_cpp: 3.1.5 (/Users/mateolopezv/miniforge3/envs/rosenv/share/rosidl_generator_cpp/cmake)
-- Using all available rosidl_typesupport_c: rosidl_typesupport_fastrtps_c;rosidl_typesupport_introspection_c
-- Using all available rosidl_typesupport_cpp: rosidl_typesupport_fastrtps_cpp;rosidl_typesupport_introspection_cpp
-- Found nav_msgs: 4.2.3 (/Users/mateolopezv/miniforge3/envs/rosenv/share/nav_msgs/cmake)
-- Found rclcpp: 16.0.8 (/Users/mateolopezv/miniforge3/envs/rosenv/share/rclcpp/cmake)
-- Checking for module 'yaml-0.1'
--   Found yaml-0.1, version 0.2.5
-- Found rmw_implementation_cmake: 6.1.1 (/Users/mateolopezv/miniforge3/envs/rosenv/share/rmw_implementation_cmake/cmake)
-- Found rmw_cyclonedds_cpp: 1.3.4 (/Users/mateolopezv/miniforge3/envs/rosenv/share/rmw_cyclonedds_cpp/cmake)
-- Using RMW implementation 'rmw_cyclonedds_cpp' as default
-- Performing Test CMAKE_HAVE_LIBC_PTHREAD
-- Performing Test CMAKE_HAVE_LIBC_PTHREAD - Success
-- Found Threads: TRUE  
-- Found sensor_msgs: 4.2.3 (/Users/mateolopezv/miniforge3/envs/rosenv/share/sensor_msgs/cmake)
-- Found tf2: 0.25.5 (/Users/mateolopezv/miniforge3/envs/rosenv/share/tf2/cmake)
-- Found tf2_msgs: 0.25.5 (/Users/mateolopezv/miniforge3/envs/rosenv/share/tf2_msgs/cmake)
-- Found turtlebot3_msgs: 2.2.3 (/Users/mateolopezv/miniforge3/envs/rosenv/share/turtlebot3_msgs/cmake)
-- Configuring done (6.1s)
-- Generating done (0.2s)
-- Build files have been written to: /Users/mateolopezv/Documents/UdeSA/Principios de la Robótica Autónoma/TPs/TP3/build/turtlebot3_custom_simulation
[ 50%] Building CXX object CMakeFiles/turtlebot3_custom_simulation.dir/src/turtlebot3_custom_simulation.cpp.o
[100%] Linking CXX executable turtlebot3_custom_simulation
[100%] Built target turtlebot3_custom_simulation
-- Install configuration: ""
-- Installing: /Users/mateolopezv/Documents/UdeSA/Principios de la Robótica Autónoma/TPs/TP3/install/turtlebot3_custom_simulation/lib/turtlebot3_custom_simulation/turtlebot3_custom_simulation
-- Installing: /Users/mateolopezv/Documents/UdeSA/Principios de la Robótica Autónoma/TPs/TP3/install/turtlebot3_custom_simulation/share/turtlebot3_custom_simulation/launch
-- Installing: /Users/mateolopezv/Documents/UdeSA/Principios de la Robótica Autónoma/TPs/TP3/install/turtlebot3_custom_simulation/share/turtlebot3_custom_simulation/launch/custom_simulation.launch.py
-- Installing: /Users/mateolopezv/Documents/UdeSA/Principios de la Robótica Autónoma/TPs/TP3/install/turtlebot3_custom_simulation/share/turtlebot3_custom_simulation/launch/custom_room.launch.py
-- Installing: /Users/mateolopezv/Documents/UdeSA/Principios de la Robótica Autónoma/TPs/TP3/install/turtlebot3_custom_simulation/share/turtlebot3_custom_simulation/param
-- Installing: /Users/mateolopezv/Documents/UdeSA/Principios de la Robótica Autónoma/TPs/TP3/install/turtlebot3_custom_simulation/share/turtlebot3_custom_simulation/param/burger.yaml
-- Installing: /Users/mateolopezv/Documents/UdeSA/Principios de la Robótica Autónoma/TPs/TP3/install/turtlebot3_custom_simulation/share/turtlebot3_custom_simulation/worlds
-- Installing: /Users/mateolopezv/Documents/UdeSA/Principios de la Robótica Autónoma/TPs/TP3/install/turtlebot3_custom_simulation/share/turtlebot3_custom_simulation/worlds/Walls
-- Installing: /Users/mateolopezv/Documents/UdeSA/Principios de la Robótica Autónoma/TPs/TP3/install/turtlebot3_custom_simulation/share/turtlebot3_custom_simulation/worlds/Walls/model.sdf
-- Installing: /Users/mateolopezv/Documents/UdeSA/Principios de la Robótica Autónoma/TPs/TP3/install/turtlebot3_custom_simulation/share/turtlebot3_custom_simulation/worlds/Walls/model.config
-- Installing: /Users/mateolopezv/Documents/UdeSA/Principios de la Robótica Autónoma/TPs/TP3/install/turtlebot3_custom_simulation/share/turtlebot3_custom_simulation/worlds/slippery.world
-- Installing: /Users/mateolopezv/Documents/UdeSA/Principios de la Robótica Autónoma/TPs/TP3/install/turtlebot3_custom_simulation/share/turtlebot3_custom_simulation/worlds/map
-- Installing: /Users/mateolopezv/Documents/UdeSA/Principios de la Robótica Autónoma/TPs/TP3/install/turtlebot3_custom_simulation/share/turtlebot3_custom_simulation/worlds/map/map.yaml
-- Installing: /Users/mateolopezv/Documents/UdeSA/Principios de la Robótica Autónoma/TPs/TP3/install/turtlebot3_custom_simulation/share/turtlebot3_custom_simulation/worlds/map/map.pgm
-- Installing: /Users/mateolopezv/Documents/UdeSA/Principios de la Robótica Autónoma/TPs/TP3/install/turtlebot3_custom_simulation/share/turtlebot3_custom_simulation/worlds/room.world
-- Installing: /Users/mateolopezv/Documents/UdeSA/Principios de la Robótica Autónoma/TPs/TP3/install/turtlebot3_custom_simulation/include/
-- Installing: /Users/mateolopezv/Documents/UdeSA/Principios de la Robótica Autónoma/TPs/TP3/install/turtlebot3_custom_simulation/include//turtlebot3_custom_simulation
-- Installing: /Users/mateolopezv/Documents/UdeSA/Principios de la Robótica Autónoma/TPs/TP3/install/turtlebot3_custom_simulation/include//turtlebot3_custom_simulation/turtlebot3_custom_simulation.hpp
-- Installing: /Users/mateolopezv/Documents/UdeSA/Principios de la Robótica Autónoma/TPs/TP3/install/turtlebot3_custom_simulation/share/ament_index/resource_index/package_run_dependencies/turtlebot3_custom_simulation
-- Installing: /Users/mateolopezv/Documents/UdeSA/Principios de la Robótica Autónoma/TPs/TP3/install/turtlebot3_custom_simulation/share/ament_index/resource_index/parent_prefix_path/turtlebot3_custom_simulation
-- Installing: /Users/mateolopezv/Documents/UdeSA/Principios de la Robótica Autónoma/TPs/TP3/install/turtlebot3_custom_simulation/share/turtlebot3_custom_simulation/environment/ament_prefix_path.sh
-- Installing: /Users/mateolopezv/Documents/UdeSA/Principios de la Robótica Autónoma/TPs/TP3/install/turtlebot3_custom_simulation/share/turtlebot3_custom_simulation/environment/ament_prefix_path.dsv
-- Installing: /Users/mateolopezv/Documents/UdeSA/Principios de la Robótica Autónoma/TPs/TP3/install/turtlebot3_custom_simulation/share/turtlebot3_custom_simulation/environment/path.sh
-- Installing: /Users/mateolopezv/Documents/UdeSA/Principios de la Robótica Autónoma/TPs/TP3/install/turtlebot3_custom_simulation/share/turtlebot3_custom_simulation/environment/path.dsv
-- Installing: /Users/mateolopezv/Documents/UdeSA/Principios de la Robótica Autónoma/TPs/TP3/install/turtlebot3_custom_simulation/share/turtlebot3_custom_simulation/local_setup.bash
-- Installing: /Users/mateolopezv/Documents/UdeSA/Principios de la Robótica Autónoma/TPs/TP3/install/turtlebot3_custom_simulation/share/turtlebot3_custom_simulation/local_setup.sh
-- Installing: /Users/mateolopezv/Documents/UdeSA/Principios de la Robótica Autónoma/TPs/TP3/install/turtlebot3_custom_simulation/share/turtlebot3_custom_simulation/local_setup.zsh
-- Installing: /Users/mateolopezv/Documents/UdeSA/Principios de la Robótica Autónoma/TPs/TP3/install/turtlebot3_custom_simulation/share/turtlebot3_custom_simulation/local_setup.dsv
-- Installing: /Users/mateolopezv/Documents/UdeSA/Principios de la Robótica Autónoma/TPs/TP3/install/turtlebot3_custom_simulation/share/turtlebot3_custom_simulation/package.dsv
-- Installing: /Users/mateolopezv/Documents/UdeSA/Principios de la Robótica Autónoma/TPs/TP3/install/turtlebot3_custom_simulation/share/ament_index/resource_index/packages/turtlebot3_custom_simulation
-- Installing: /Users/mateolopezv/Documents/UdeSA/Principios de la Robótica Autónoma/TPs/TP3/install/turtlebot3_custom_simulation/share/turtlebot3_custom_simulation/cmake/ament_cmake_export_include_directories-extras.cmake
-- Installing: /Users/mateolopezv/Documents/UdeSA/Principios de la Robótica Autónoma/TPs/TP3/install/turtlebot3_custom_simulation/share/turtlebot3_custom_simulation/cmake/ament_cmake_export_dependencies-extras.cmake
-- Installing: /Users/mateolopezv/Documents/UdeSA/Principios de la Robótica Autónoma/TPs/TP3/install/turtlebot3_custom_simulation/share/turtlebot3_custom_simulation/cmake/turtlebot3_custom_simulationConfig.cmake
-- Installing: /Users/mateolopezv/Documents/UdeSA/Principios de la Robótica Autónoma/TPs/TP3/install/turtlebot3_custom_simulation/share/turtlebot3_custom_simulation/cmake/turtlebot3_custom_simulationConfig-version.cmake
-- Installing: /Users/mateolopezv/Documents/UdeSA/Principios de la Robótica Autónoma/TPs/TP3/install/turtlebot3_custom_simulation/share/turtlebot3_custom_simulation/package.xml
