[0.188s] Invoking command in '/Users/mateolopezv/Documents/UdeSA/Principios de la Robótica Autónoma/TPs/TP3/build/turtlebot3_custom_simulation': CONDA_PROMPT_MODIFIER=(rosenv) SHLVL=2 _=/Users/mateolopezv/miniforge3/envs/rosenv/bin/env /Users/mateolopezv/miniforge3/envs/rosenv/bin/cmake /Users/mateolopezv/Documents/UdeSA/Principios de la Robótica Autónoma/TPs/TP3/ros_ws/src/turtlebot3_custom_simulation -DCMAKE_INSTALL_PREFIX=/Users/mateolopezv/Documents/UdeSA/Principios de la Robótica Autónoma/TPs/TP3/install/turtlebot3_custom_simulation
[3.926s] -- The C compiler identification is Clang 18.1.7
[4.023s] -- The CXX compiler identification is Clang 18.1.7
[4.064s] -- Detecting C compiler ABI info
[4.433s] -- Detecting C compiler ABI info - done
[4.437s] -- Check for working C compiler: /Users/mateolopezv/miniforge3/envs/rosenv/bin/arm64-apple-darwin20.0.0-clang - skipped
[4.438s] -- Detecting C compile features
[4.438s] -- Detecting C compile features - done
[4.472s] -- Detecting CXX compiler ABI info
[4.646s] -- Detecting CXX compiler ABI info - done
[4.650s] -- Check for working CXX compiler: /Users/mateolopezv/miniforge3/envs/rosenv/bin/arm64-apple-darwin20.0.0-clang++ - skipped
[4.650s] -- Detecting CXX compile features
[4.651s] -- Detecting CXX compile features - done
[4.664s] -- Found ament_cmake: 1.3.7 (/Users/mateolopezv/miniforge3/envs/rosenv/share/ament_cmake/cmake)
[4.892s] -- Found Python3: /opt/homebrew/Frameworks/Python.framework/Versions/3.13/bin/python3.13 (found version "3.13.4") found components: Interpreter 
[5.149s] -- Found geometry_msgs: 4.2.3 (/Users/mateolopezv/miniforge3/envs/rosenv/share/geometry_msgs/cmake)
[5.263s] -- Found rosidl_generator_c: 3.1.5 (/Users/mateolopezv/miniforge3/envs/rosenv/share/rosidl_generator_c/cmake)
[5.293s] -- Found rosidl_adapter: 3.1.5 (/Users/mateolopezv/miniforge3/envs/rosenv/share/rosidl_adapter/cmake)
[5.325s] -- Found rosidl_generator_cpp: 3.1.5 (/Users/mateolopezv/miniforge3/envs/rosenv/share/rosidl_generator_cpp/cmake)
[5.355s] -- Using all available rosidl_typesupport_c: rosidl_typesupport_fastrtps_c;rosidl_typesupport_introspection_c
[5.401s] -- Using all available rosidl_typesupport_cpp: rosidl_typesupport_fastrtps_cpp;rosidl_typesupport_introspection_cpp
[5.540s] -- Found nav_msgs: 4.2.3 (/Users/mateolopezv/miniforge3/envs/rosenv/share/nav_msgs/cmake)
[5.622s] -- Found rclcpp: 16.0.8 (/Users/mateolopezv/miniforge3/envs/rosenv/share/rclcpp/cmake)
[6.306s] -- Checking for module 'yaml-0.1'
[6.458s] --   Found yaml-0.1, version 0.2.5
[6.835s] -- Found rmw_implementation_cmake: 6.1.1 (/Users/mateolopezv/miniforge3/envs/rosenv/share/rmw_implementation_cmake/cmake)
[6.859s] -- Found rmw_cyclonedds_cpp: 1.3.4 (/Users/mateolopezv/miniforge3/envs/rosenv/share/rmw_cyclonedds_cpp/cmake)
[6.976s] -- Using RMW implementation 'rmw_cyclonedds_cpp' as default
[7.008s] -- Performing Test CMAKE_HAVE_LIBC_PTHREAD
[7.197s] -- Performing Test CMAKE_HAVE_LIBC_PTHREAD - Success
[7.198s] -- Found Threads: TRUE  
[7.340s] -- Found sensor_msgs: 4.2.3 (/Users/mateolopezv/miniforge3/envs/rosenv/share/sensor_msgs/cmake)
[7.423s] -- Found tf2: 0.25.5 (/Users/mateolopezv/miniforge3/envs/rosenv/share/tf2/cmake)
[7.448s] -- Found tf2_msgs: 0.25.5 (/Users/mateolopezv/miniforge3/envs/rosenv/share/tf2_msgs/cmake)
[7.617s] -- Found turtlebot3_msgs: 2.2.3 (/Users/mateolopezv/miniforge3/envs/rosenv/share/turtlebot3_msgs/cmake)
[7.820s] -- Configuring done (6.1s)
[8.050s] -- Generating done (0.2s)
[8.058s] -- Build files have been written to: /Users/mateolopezv/Documents/UdeSA/Principios de la Robótica Autónoma/TPs/TP3/build/turtlebot3_custom_simulation
[8.063s] Invoked command in '/Users/mateolopezv/Documents/UdeSA/Principios de la Robótica Autónoma/TPs/TP3/build/turtlebot3_custom_simulation' returned '0': CONDA_PROMPT_MODIFIER=(rosenv) SHLVL=2 _=/Users/mateolopezv/miniforge3/envs/rosenv/bin/env /Users/mateolopezv/miniforge3/envs/rosenv/bin/cmake /Users/mateolopezv/Documents/UdeSA/Principios de la Robótica Autónoma/TPs/TP3/ros_ws/src/turtlebot3_custom_simulation -DCMAKE_INSTALL_PREFIX=/Users/mateolopezv/Documents/UdeSA/Principios de la Robótica Autónoma/TPs/TP3/install/turtlebot3_custom_simulation
[8.066s] Invoking command in '/Users/mateolopezv/Documents/UdeSA/Principios de la Robótica Autónoma/TPs/TP3/build/turtlebot3_custom_simulation': CONDA_PROMPT_MODIFIER=(rosenv) SHLVL=2 _=/Users/mateolopezv/miniforge3/envs/rosenv/bin/env /Users/mateolopezv/miniforge3/envs/rosenv/bin/cmake --build /Users/mateolopezv/Documents/UdeSA/Principios de la Robótica Autónoma/TPs/TP3/build/turtlebot3_custom_simulation -- -j10 -l10
[8.150s] [ 50%] Building CXX object CMakeFiles/turtlebot3_custom_simulation.dir/src/turtlebot3_custom_simulation.cpp.o
[9.943s] In file included from /Users/mateolopezv/Documents/UdeSA/Principios de la Robótica Autónoma/TPs/TP3/ros_ws/src/turtlebot3_custom_simulation/src/turtlebot3_custom_simulation.cpp:17:
[9.943s] In file included from /Users/mateolopezv/Documents/UdeSA/Principios de la Robótica Autónoma/TPs/TP3/ros_ws/src/turtlebot3_custom_simulation/include/turtlebot3_custom_simulation/turtlebot3_custom_simulation.hpp:23:
[9.943s] In file included from /Users/mateolopezv/miniforge3/envs/rosenv/include/rclcpp/rclcpp/rclcpp.hpp:155:
[9.943s] In file included from /Users/mateolopezv/miniforge3/envs/rosenv/include/rclcpp/rclcpp/executors.hpp:21:
[9.943s] In file included from /Users/mateolopezv/miniforge3/envs/rosenv/include/rclcpp/rclcpp/executors/multi_threaded_executor.hpp:25:
[9.943s] In file included from /Users/mateolopezv/miniforge3/envs/rosenv/include/rclcpp/rclcpp/executor.hpp:37:
[9.943s] In file included from /Users/mateolopezv/miniforge3/envs/rosenv/include/rclcpp/rclcpp/executor_options.hpp:20:
[9.943s] In file included from /Users/mateolopezv/miniforge3/envs/rosenv/include/rclcpp/rclcpp/memory_strategies.hpp:18:
[9.943s] In file included from /Users/mateolopezv/miniforge3/envs/rosenv/include/rclcpp/rclcpp/memory_strategy.hpp:25:
[9.943s] In file included from /Users/mateolopezv/miniforge3/envs/rosenv/include/rclcpp/rclcpp/any_executable.hpp:20:
[9.943s] In file included from /Users/mateolopezv/miniforge3/envs/rosenv/include/rclcpp/rclcpp/callback_group.hpp:29:
[9.943s] In file included from /Users/mateolopezv/miniforge3/envs/rosenv/include/rclcpp/rclcpp/subscription_base.hpp:32:
[9.943s] /Users/mateolopezv/miniforge3/envs/rosenv/include/rclcpp/rclcpp/any_subscription_callback.hpp:391:7: warning: 'set_deprecated<geometry_msgs::msg::Twist_<std::allocator<void>>>' is deprecated: use 'void(std::shared_ptr<const MessageT>)' instead [-Wdeprecated-declarations]
[9.943s]   391 |       set_deprecated(static_cast<typename scbth::callback_type>(callback));
[9.943s]       |       ^
[9.943s] /Users/mateolopezv/miniforge3/envs/rosenv/include/rclcpp/rclcpp/subscription_factory.hpp:94:29: note: in instantiation of function template specialization 'rclcpp::AnySubscriptionCallback<geometry_msgs::msg::Twist_<std::allocator<void>>>::set<std::__bind<void (Turtlebot3Fake::*)(std::shared_ptr<geometry_msgs::msg::Twist_<std::allocator<void>>>), Turtlebot3Fake *, const std::placeholders::__ph<1> &>>' requested here
[9.943s]    94 |   any_subscription_callback.set(std::forward<CallbackT>(callback));
[9.944s]       |                             ^
[9.944s] /Users/mateolopezv/miniforge3/envs/rosenv/include/rclcpp/rclcpp/create_subscription.hpp:122:26: note: in instantiation of function template specialization 'rclcpp::create_subscription_factory<geometry_msgs::msg::Twist_<std::allocator<void>>, std::__bind<void (Turtlebot3Fake::*)(std::shared_ptr<geometry_msgs::msg::Twist_<std::allocator<void>>>), Turtlebot3Fake *, const std::placeholders::__ph<1> &>, std::allocator<void>, rclcpp::Subscription<geometry_msgs::msg::Twist_<std::allocator<void>>>, rclcpp::message_memory_strategy::MessageMemoryStrategy<geometry_msgs::msg::Twist_<std::allocator<void>>>, geometry_msgs::msg::Twist_<std::allocator<void>>>' requested here
[9.944s]   122 |   auto factory = rclcpp::create_subscription_factory<MessageT>(
[9.944s]       |                          ^
[9.944s] /Users/mateolopezv/miniforge3/envs/rosenv/include/rclcpp/rclcpp/create_subscription.hpp:190:26: note: in instantiation of function template specialization 'rclcpp::detail::create_subscription<geometry_msgs::msg::Twist_<std::allocator<void>>, std::__bind<void (Turtlebot3Fake::*)(std::shared_ptr<geometry_msgs::msg::Twist_<std::allocator<void>>>), Turtlebot3Fake *, const std::placeholders::__ph<1> &>, std::allocator<void>, rclcpp::Subscription<geometry_msgs::msg::Twist_<std::allocator<void>>>, rclcpp::message_memory_strategy::MessageMemoryStrategy<geometry_msgs::msg::Twist_<std::allocator<void>>>, rclcpp::Node, rclcpp::Node, geometry_msgs::msg::Twist_<std::allocator<void>>>' requested here
[9.944s]   190 |   return rclcpp::detail::create_subscription<
[9.944s]       |                          ^
[9.944s] /Users/mateolopezv/miniforge3/envs/rosenv/include/rclcpp/rclcpp/node_impl.hpp:99:18: note: in instantiation of function template specialization 'rclcpp::create_subscription<geometry_msgs::msg::Twist_<std::allocator<void>>, std::__bind<void (Turtlebot3Fake::*)(std::shared_ptr<geometry_msgs::msg::Twist_<std::allocator<void>>>), Turtlebot3Fake *, const std::placeholders::__ph<1> &>, std::allocator<void>, rclcpp::Subscription<geometry_msgs::msg::Twist_<std::allocator<void>>>, rclcpp::message_memory_strategy::MessageMemoryStrategy<geometry_msgs::msg::Twist_<std::allocator<void>>>, rclcpp::Node>' requested here
[9.944s]    99 |   return rclcpp::create_subscription<MessageT>(
[9.944s]       |                  ^
[9.944s] /Users/mateolopezv/Documents/UdeSA/Principios de la Robótica Autónoma/TPs/TP3/ros_ws/src/turtlebot3_custom_simulation/src/turtlebot3_custom_simulation.cpp:47:24: note: in instantiation of function template specialization 'rclcpp::Node::create_subscription<geometry_msgs::msg::Twist_<std::allocator<void>>, std::__bind<void (Turtlebot3Fake::*)(std::shared_ptr<geometry_msgs::msg::Twist_<std::allocator<void>>>), Turtlebot3Fake *, const std::placeholders::__ph<1> &>, std::allocator<void>, rclcpp::Subscription<geometry_msgs::msg::Twist_<std::allocator<void>>>, rclcpp::message_memory_strategy::MessageMemoryStrategy<geometry_msgs::msg::Twist_<std::allocator<void>>>>' requested here
[9.944s]    47 |   cmd_vel_sub_ = this->create_subscription<geometry_msgs::msg::Twist>(
[9.944s]       |                        ^
[9.944s] /Users/mateolopezv/miniforge3/envs/rosenv/include/rclcpp/rclcpp/any_subscription_callback.hpp:405:5: note: 'set_deprecated<geometry_msgs::msg::Twist_<std::allocator<void>>>' has been explicitly marked deprecated here
[9.944s]   405 |   [[deprecated("use 'void(std::shared_ptr<const MessageT>)' instead")]]
[9.944s]       |     ^
[12.740s] 1 warning generated.
[12.768s] [100%] Linking CXX executable turtlebot3_custom_simulation
[12.865s] [100%] Built target turtlebot3_custom_simulation
[12.880s] Invoked command in '/Users/mateolopezv/Documents/UdeSA/Principios de la Robótica Autónoma/TPs/TP3/build/turtlebot3_custom_simulation' returned '0': CONDA_PROMPT_MODIFIER=(rosenv) SHLVL=2 _=/Users/mateolopezv/miniforge3/envs/rosenv/bin/env /Users/mateolopezv/miniforge3/envs/rosenv/bin/cmake --build /Users/mateolopezv/Documents/UdeSA/Principios de la Robótica Autónoma/TPs/TP3/build/turtlebot3_custom_simulation -- -j10 -l10
[12.900s] Invoking command in '/Users/mateolopezv/Documents/UdeSA/Principios de la Robótica Autónoma/TPs/TP3/build/turtlebot3_custom_simulation': CONDA_PROMPT_MODIFIER=(rosenv) SHLVL=2 _=/Users/mateolopezv/miniforge3/envs/rosenv/bin/env /Users/mateolopezv/miniforge3/envs/rosenv/bin/cmake --install /Users/mateolopezv/Documents/UdeSA/Principios de la Robótica Autónoma/TPs/TP3/build/turtlebot3_custom_simulation
[12.910s] -- Install configuration: ""
[12.910s] -- Installing: /Users/mateolopezv/Documents/UdeSA/Principios de la Robótica Autónoma/TPs/TP3/install/turtlebot3_custom_simulation/lib/turtlebot3_custom_simulation/turtlebot3_custom_simulation
[12.910s] -- Installing: /Users/mateolopezv/Documents/UdeSA/Principios de la Robótica Autónoma/TPs/TP3/install/turtlebot3_custom_simulation/share/turtlebot3_custom_simulation/launch
[12.910s] -- Installing: /Users/mateolopezv/Documents/UdeSA/Principios de la Robótica Autónoma/TPs/TP3/install/turtlebot3_custom_simulation/share/turtlebot3_custom_simulation/launch/custom_simulation.launch.py
[12.911s] -- Installing: /Users/mateolopezv/Documents/UdeSA/Principios de la Robótica Autónoma/TPs/TP3/install/turtlebot3_custom_simulation/share/turtlebot3_custom_simulation/launch/custom_room.launch.py
[12.911s] -- Installing: /Users/mateolopezv/Documents/UdeSA/Principios de la Robótica Autónoma/TPs/TP3/install/turtlebot3_custom_simulation/share/turtlebot3_custom_simulation/param
[12.911s] -- Installing: /Users/mateolopezv/Documents/UdeSA/Principios de la Robótica Autónoma/TPs/TP3/install/turtlebot3_custom_simulation/share/turtlebot3_custom_simulation/param/burger.yaml
[12.911s] -- Installing: /Users/mateolopezv/Documents/UdeSA/Principios de la Robótica Autónoma/TPs/TP3/install/turtlebot3_custom_simulation/share/turtlebot3_custom_simulation/worlds
[12.911s] -- Installing: /Users/mateolopezv/Documents/UdeSA/Principios de la Robótica Autónoma/TPs/TP3/install/turtlebot3_custom_simulation/share/turtlebot3_custom_simulation/worlds/Walls
[12.911s] -- Installing: /Users/mateolopezv/Documents/UdeSA/Principios de la Robótica Autónoma/TPs/TP3/install/turtlebot3_custom_simulation/share/turtlebot3_custom_simulation/worlds/Walls/model.sdf
[12.911s] -- Installing: /Users/mateolopezv/Documents/UdeSA/Principios de la Robótica Autónoma/TPs/TP3/install/turtlebot3_custom_simulation/share/turtlebot3_custom_simulation/worlds/Walls/model.config
[12.912s] -- Installing: /Users/mateolopezv/Documents/UdeSA/Principios de la Robótica Autónoma/TPs/TP3/install/turtlebot3_custom_simulation/share/turtlebot3_custom_simulation/worlds/slippery.world
[12.912s] -- Installing: /Users/mateolopezv/Documents/UdeSA/Principios de la Robótica Autónoma/TPs/TP3/install/turtlebot3_custom_simulation/share/turtlebot3_custom_simulation/worlds/map
[12.912s] -- Installing: /Users/mateolopezv/Documents/UdeSA/Principios de la Robótica Autónoma/TPs/TP3/install/turtlebot3_custom_simulation/share/turtlebot3_custom_simulation/worlds/map/map.yaml
[12.912s] -- Installing: /Users/mateolopezv/Documents/UdeSA/Principios de la Robótica Autónoma/TPs/TP3/install/turtlebot3_custom_simulation/share/turtlebot3_custom_simulation/worlds/map/map.pgm
[12.912s] -- Installing: /Users/mateolopezv/Documents/UdeSA/Principios de la Robótica Autónoma/TPs/TP3/install/turtlebot3_custom_simulation/share/turtlebot3_custom_simulation/worlds/room.world
[12.913s] -- Installing: /Users/mateolopezv/Documents/UdeSA/Principios de la Robótica Autónoma/TPs/TP3/install/turtlebot3_custom_simulation/include/
[12.913s] -- Installing: /Users/mateolopezv/Documents/UdeSA/Principios de la Robótica Autónoma/TPs/TP3/install/turtlebot3_custom_simulation/include//turtlebot3_custom_simulation
[12.913s] -- Installing: /Users/mateolopezv/Documents/UdeSA/Principios de la Robótica Autónoma/TPs/TP3/install/turtlebot3_custom_simulation/include//turtlebot3_custom_simulation/turtlebot3_custom_simulation.hpp
[12.913s] -- Installing: /Users/mateolopezv/Documents/UdeSA/Principios de la Robótica Autónoma/TPs/TP3/install/turtlebot3_custom_simulation/share/ament_index/resource_index/package_run_dependencies/turtlebot3_custom_simulation
[12.914s] -- Installing: /Users/mateolopezv/Documents/UdeSA/Principios de la Robótica Autónoma/TPs/TP3/install/turtlebot3_custom_simulation/share/ament_index/resource_index/parent_prefix_path/turtlebot3_custom_simulation
[12.914s] -- Installing: /Users/mateolopezv/Documents/UdeSA/Principios de la Robótica Autónoma/TPs/TP3/install/turtlebot3_custom_simulation/share/turtlebot3_custom_simulation/environment/ament_prefix_path.sh
[12.914s] -- Installing: /Users/mateolopezv/Documents/UdeSA/Principios de la Robótica Autónoma/TPs/TP3/install/turtlebot3_custom_simulation/share/turtlebot3_custom_simulation/environment/ament_prefix_path.dsv
[12.915s] -- Installing: /Users/mateolopezv/Documents/UdeSA/Principios de la Robótica Autónoma/TPs/TP3/install/turtlebot3_custom_simulation/share/turtlebot3_custom_simulation/environment/path.sh
[12.915s] -- Installing: /Users/mateolopezv/Documents/UdeSA/Principios de la Robótica Autónoma/TPs/TP3/install/turtlebot3_custom_simulation/share/turtlebot3_custom_simulation/environment/path.dsv
[12.916s] -- Installing: /Users/mateolopezv/Documents/UdeSA/Principios de la Robótica Autónoma/TPs/TP3/install/turtlebot3_custom_simulation/share/turtlebot3_custom_simulation/local_setup.bash
[12.916s] -- Installing: /Users/mateolopezv/Documents/UdeSA/Principios de la Robótica Autónoma/TPs/TP3/install/turtlebot3_custom_simulation/share/turtlebot3_custom_simulation/local_setup.sh
[12.916s] -- Installing: /Users/mateolopezv/Documents/UdeSA/Principios de la Robótica Autónoma/TPs/TP3/install/turtlebot3_custom_simulation/share/turtlebot3_custom_simulation/local_setup.zsh
[12.917s] -- Installing: /Users/mateolopezv/Documents/UdeSA/Principios de la Robótica Autónoma/TPs/TP3/install/turtlebot3_custom_simulation/share/turtlebot3_custom_simulation/local_setup.dsv
[12.917s] -- Installing: /Users/mateolopezv/Documents/UdeSA/Principios de la Robótica Autónoma/TPs/TP3/install/turtlebot3_custom_simulation/share/turtlebot3_custom_simulation/package.dsv
[12.918s] -- Installing: /Users/mateolopezv/Documents/UdeSA/Principios de la Robótica Autónoma/TPs/TP3/install/turtlebot3_custom_simulation/share/ament_index/resource_index/packages/turtlebot3_custom_simulation
[12.918s] -- Installing: /Users/mateolopezv/Documents/UdeSA/Principios de la Robótica Autónoma/TPs/TP3/install/turtlebot3_custom_simulation/share/turtlebot3_custom_simulation/cmake/ament_cmake_export_include_directories-extras.cmake
[12.918s] -- Installing: /Users/mateolopezv/Documents/UdeSA/Principios de la Robótica Autónoma/TPs/TP3/install/turtlebot3_custom_simulation/share/turtlebot3_custom_simulation/cmake/ament_cmake_export_dependencies-extras.cmake
[12.919s] -- Installing: /Users/mateolopezv/Documents/UdeSA/Principios de la Robótica Autónoma/TPs/TP3/install/turtlebot3_custom_simulation/share/turtlebot3_custom_simulation/cmake/turtlebot3_custom_simulationConfig.cmake
[12.919s] -- Installing: /Users/mateolopezv/Documents/UdeSA/Principios de la Robótica Autónoma/TPs/TP3/install/turtlebot3_custom_simulation/share/turtlebot3_custom_simulation/cmake/turtlebot3_custom_simulationConfig-version.cmake
[12.919s] -- Installing: /Users/mateolopezv/Documents/UdeSA/Principios de la Robótica Autónoma/TPs/TP3/install/turtlebot3_custom_simulation/share/turtlebot3_custom_simulation/package.xml
[12.921s] Invoked command in '/Users/mateolopezv/Documents/UdeSA/Principios de la Robótica Autónoma/TPs/TP3/build/turtlebot3_custom_simulation' returned '0': CONDA_PROMPT_MODIFIER=(rosenv) SHLVL=2 _=/Users/mateolopezv/miniforge3/envs/rosenv/bin/env /Users/mateolopezv/miniforge3/envs/rosenv/bin/cmake --install /Users/mateolopezv/Documents/UdeSA/Principios de la Robótica Autónoma/TPs/TP3/build/turtlebot3_custom_simulation
