[0.141s] Invoking command in '/Users/mateolopezv/Documents/UdeSA/Principios de la Robótica Autónoma/TPs/TP3/build/turtlebot3_custom_simulation': CMAKE_PREFIX_PATH=${CMAKE_PREFIX_PATH}:/Users/mateolopezv/Documents/UdeSA/Principios de la Robótica Autónoma/TPs/TP3/install/custom_code CONDA_PROMPT_MODIFIER=(rosenv) SHLVL=2 _=/Users/mateolopezv/miniforge3/envs/rosenv/bin/env /Users/mateolopezv/miniforge3/envs/rosenv/bin/cmake --build /Users/mateolopezv/Documents/UdeSA/Principios de la Robótica Autónoma/TPs/TP3/build/turtlebot3_custom_simulation -- -j10 -l10
[0.281s] [100%] Built target turtlebot3_custom_simulation
[0.296s] Invoked command in '/Users/mateolopezv/Documents/UdeSA/Principios de la Robótica Autónoma/TPs/TP3/build/turtlebot3_custom_simulation' returned '0': CMAKE_PREFIX_PATH=${CMAKE_PREFIX_PATH}:/Users/mateolopezv/Documents/UdeSA/Principios de la Robótica Autónoma/TPs/TP3/install/custom_code CONDA_PROMPT_MODIFIER=(rosenv) SHLVL=2 _=/Users/mateolopezv/miniforge3/envs/rosenv/bin/env /Users/mateolopezv/miniforge3/envs/rosenv/bin/cmake --build /Users/mateolopezv/Documents/UdeSA/Principios de la Robótica Autónoma/TPs/TP3/build/turtlebot3_custom_simulation -- -j10 -l10
[0.314s] Invoking command in '/Users/mateolopezv/Documents/UdeSA/Principios de la Robótica Autónoma/TPs/TP3/build/turtlebot3_custom_simulation': CMAKE_PREFIX_PATH=${CMAKE_PREFIX_PATH}:/Users/mateolopezv/Documents/UdeSA/Principios de la Robótica Autónoma/TPs/TP3/install/custom_code CONDA_PROMPT_MODIFIER=(rosenv) SHLVL=2 _=/Users/mateolopezv/miniforge3/envs/rosenv/bin/env /Users/mateolopezv/miniforge3/envs/rosenv/bin/cmake --install /Users/mateolopezv/Documents/UdeSA/Principios de la Robótica Autónoma/TPs/TP3/build/turtlebot3_custom_simulation
[0.324s] -- Install configuration: ""
[0.324s] -- Up-to-date: /Users/mateolopezv/Documents/UdeSA/Principios de la Robótica Autónoma/TPs/TP3/install/turtlebot3_custom_simulation/lib/turtlebot3_custom_simulation/turtlebot3_custom_simulation
[0.324s] -- Up-to-date: /Users/mateolopezv/Documents/UdeSA/Principios de la Robótica Autónoma/TPs/TP3/install/turtlebot3_custom_simulation/share/turtlebot3_custom_simulation/launch
[0.325s] -- Up-to-date: /Users/mateolopezv/Documents/UdeSA/Principios de la Robótica Autónoma/TPs/TP3/install/turtlebot3_custom_simulation/share/turtlebot3_custom_simulation/launch/custom_simulation.launch.py
[0.325s] -- Installing: /Users/mateolopezv/Documents/UdeSA/Principios de la Robótica Autónoma/TPs/TP3/install/turtlebot3_custom_simulation/share/turtlebot3_custom_simulation/launch/custom_room.launch.py
[0.326s] -- Up-to-date: /Users/mateolopezv/Documents/UdeSA/Principios de la Robótica Autónoma/TPs/TP3/install/turtlebot3_custom_simulation/share/turtlebot3_custom_simulation/param
[0.326s] -- Up-to-date: /Users/mateolopezv/Documents/UdeSA/Principios de la Robótica Autónoma/TPs/TP3/install/turtlebot3_custom_simulation/share/turtlebot3_custom_simulation/param/burger.yaml
[0.326s] -- Up-to-date: /Users/mateolopezv/Documents/UdeSA/Principios de la Robótica Autónoma/TPs/TP3/install/turtlebot3_custom_simulation/share/turtlebot3_custom_simulation/worlds
[0.326s] -- Up-to-date: /Users/mateolopezv/Documents/UdeSA/Principios de la Robótica Autónoma/TPs/TP3/install/turtlebot3_custom_simulation/share/turtlebot3_custom_simulation/worlds/Walls
[0.326s] -- Up-to-date: /Users/mateolopezv/Documents/UdeSA/Principios de la Robótica Autónoma/TPs/TP3/install/turtlebot3_custom_simulation/share/turtlebot3_custom_simulation/worlds/Walls/model.sdf
[0.326s] -- Up-to-date: /Users/mateolopezv/Documents/UdeSA/Principios de la Robótica Autónoma/TPs/TP3/install/turtlebot3_custom_simulation/share/turtlebot3_custom_simulation/worlds/Walls/model.config
[0.326s] -- Up-to-date: /Users/mateolopezv/Documents/UdeSA/Principios de la Robótica Autónoma/TPs/TP3/install/turtlebot3_custom_simulation/share/turtlebot3_custom_simulation/worlds/slippery.world
[0.327s] -- Up-to-date: /Users/mateolopezv/Documents/UdeSA/Principios de la Robótica Autónoma/TPs/TP3/install/turtlebot3_custom_simulation/share/turtlebot3_custom_simulation/worlds/map
[0.327s] -- Up-to-date: /Users/mateolopezv/Documents/UdeSA/Principios de la Robótica Autónoma/TPs/TP3/install/turtlebot3_custom_simulation/share/turtlebot3_custom_simulation/worlds/map/map.yaml
[0.327s] -- Up-to-date: /Users/mateolopezv/Documents/UdeSA/Principios de la Robótica Autónoma/TPs/TP3/install/turtlebot3_custom_simulation/share/turtlebot3_custom_simulation/worlds/map/map.pgm
[0.327s] -- Up-to-date: /Users/mateolopezv/Documents/UdeSA/Principios de la Robótica Autónoma/TPs/TP3/install/turtlebot3_custom_simulation/share/turtlebot3_custom_simulation/worlds/room.world
[0.327s] -- Up-to-date: /Users/mateolopezv/Documents/UdeSA/Principios de la Robótica Autónoma/TPs/TP3/install/turtlebot3_custom_simulation/include/
[0.327s] -- Up-to-date: /Users/mateolopezv/Documents/UdeSA/Principios de la Robótica Autónoma/TPs/TP3/install/turtlebot3_custom_simulation/include//turtlebot3_custom_simulation
[0.327s] -- Up-to-date: /Users/mateolopezv/Documents/UdeSA/Principios de la Robótica Autónoma/TPs/TP3/install/turtlebot3_custom_simulation/include//turtlebot3_custom_simulation/turtlebot3_custom_simulation.hpp
[0.327s] -- Up-to-date: /Users/mateolopezv/Documents/UdeSA/Principios de la Robótica Autónoma/TPs/TP3/install/turtlebot3_custom_simulation/share/ament_index/resource_index/package_run_dependencies/turtlebot3_custom_simulation
[0.327s] -- Up-to-date: /Users/mateolopezv/Documents/UdeSA/Principios de la Robótica Autónoma/TPs/TP3/install/turtlebot3_custom_simulation/share/ament_index/resource_index/parent_prefix_path/turtlebot3_custom_simulation
[0.327s] -- Up-to-date: /Users/mateolopezv/Documents/UdeSA/Principios de la Robótica Autónoma/TPs/TP3/install/turtlebot3_custom_simulation/share/turtlebot3_custom_simulation/environment/ament_prefix_path.sh
[0.327s] -- Up-to-date: /Users/mateolopezv/Documents/UdeSA/Principios de la Robótica Autónoma/TPs/TP3/install/turtlebot3_custom_simulation/share/turtlebot3_custom_simulation/environment/ament_prefix_path.dsv
[0.327s] -- Up-to-date: /Users/mateolopezv/Documents/UdeSA/Principios de la Robótica Autónoma/TPs/TP3/install/turtlebot3_custom_simulation/share/turtlebot3_custom_simulation/environment/path.sh
[0.327s] -- Up-to-date: /Users/mateolopezv/Documents/UdeSA/Principios de la Robótica Autónoma/TPs/TP3/install/turtlebot3_custom_simulation/share/turtlebot3_custom_simulation/environment/path.dsv
[0.328s] -- Up-to-date: /Users/mateolopezv/Documents/UdeSA/Principios de la Robótica Autónoma/TPs/TP3/install/turtlebot3_custom_simulation/share/turtlebot3_custom_simulation/local_setup.bash
[0.328s] -- Up-to-date: /Users/mateolopezv/Documents/UdeSA/Principios de la Robótica Autónoma/TPs/TP3/install/turtlebot3_custom_simulation/share/turtlebot3_custom_simulation/local_setup.sh
[0.328s] -- Up-to-date: /Users/mateolopezv/Documents/UdeSA/Principios de la Robótica Autónoma/TPs/TP3/install/turtlebot3_custom_simulation/share/turtlebot3_custom_simulation/local_setup.zsh
[0.328s] -- Up-to-date: /Users/mateolopezv/Documents/UdeSA/Principios de la Robótica Autónoma/TPs/TP3/install/turtlebot3_custom_simulation/share/turtlebot3_custom_simulation/local_setup.dsv
[0.328s] -- Installing: /Users/mateolopezv/Documents/UdeSA/Principios de la Robótica Autónoma/TPs/TP3/install/turtlebot3_custom_simulation/share/turtlebot3_custom_simulation/package.dsv
[0.328s] -- Up-to-date: /Users/mateolopezv/Documents/UdeSA/Principios de la Robótica Autónoma/TPs/TP3/install/turtlebot3_custom_simulation/share/ament_index/resource_index/packages/turtlebot3_custom_simulation
[0.328s] -- Up-to-date: /Users/mateolopezv/Documents/UdeSA/Principios de la Robótica Autónoma/TPs/TP3/install/turtlebot3_custom_simulation/share/turtlebot3_custom_simulation/cmake/ament_cmake_export_include_directories-extras.cmake
[0.328s] -- Up-to-date: /Users/mateolopezv/Documents/UdeSA/Principios de la Robótica Autónoma/TPs/TP3/install/turtlebot3_custom_simulation/share/turtlebot3_custom_simulation/cmake/ament_cmake_export_dependencies-extras.cmake
[0.328s] -- Up-to-date: /Users/mateolopezv/Documents/UdeSA/Principios de la Robótica Autónoma/TPs/TP3/install/turtlebot3_custom_simulation/share/turtlebot3_custom_simulation/cmake/turtlebot3_custom_simulationConfig.cmake
[0.329s] -- Up-to-date: /Users/mateolopezv/Documents/UdeSA/Principios de la Robótica Autónoma/TPs/TP3/install/turtlebot3_custom_simulation/share/turtlebot3_custom_simulation/cmake/turtlebot3_custom_simulationConfig-version.cmake
[0.329s] -- Up-to-date: /Users/mateolopezv/Documents/UdeSA/Principios de la Robótica Autónoma/TPs/TP3/install/turtlebot3_custom_simulation/share/turtlebot3_custom_simulation/package.xml
[0.330s] Invoked command in '/Users/mateolopezv/Documents/UdeSA/Principios de la Robótica Autónoma/TPs/TP3/build/turtlebot3_custom_simulation' returned '0': CMAKE_PREFIX_PATH=${CMAKE_PREFIX_PATH}:/Users/mateolopezv/Documents/UdeSA/Principios de la Robótica Autónoma/TPs/TP3/install/custom_code CONDA_PROMPT_MODIFIER=(rosenv) SHLVL=2 _=/Users/mateolopezv/miniforge3/envs/rosenv/bin/env /Users/mateolopezv/miniforge3/envs/rosenv/bin/cmake --install /Users/mateolopezv/Documents/UdeSA/Principios de la Robótica Autónoma/TPs/TP3/build/turtlebot3_custom_simulation
