In file included from /Users/mateolopezv/Documents/UdeSA/Principios de la Robótica Autónoma/TPs/TP3/ros_ws/src/turtlebot3_custom_simulation/src/turtlebot3_custom_simulation.cpp:17:
In file included from /Users/mateolopezv/Documents/UdeSA/Principios de la Robótica Autónoma/TPs/TP3/ros_ws/src/turtlebot3_custom_simulation/include/turtlebot3_custom_simulation/turtlebot3_custom_simulation.hpp:23:
In file included from /Users/mateolopezv/miniforge3/envs/rosenv/include/rclcpp/rclcpp/rclcpp.hpp:155:
In file included from /Users/mateolopezv/miniforge3/envs/rosenv/include/rclcpp/rclcpp/executors.hpp:21:
In file included from /Users/mateolopezv/miniforge3/envs/rosenv/include/rclcpp/rclcpp/executors/multi_threaded_executor.hpp:25:
In file included from /Users/mateolopezv/miniforge3/envs/rosenv/include/rclcpp/rclcpp/executor.hpp:37:
In file included from /Users/mateolopezv/miniforge3/envs/rosenv/include/rclcpp/rclcpp/executor_options.hpp:20:
In file included from /Users/mateolopezv/miniforge3/envs/rosenv/include/rclcpp/rclcpp/memory_strategies.hpp:18:
In file included from /Users/mateolopezv/miniforge3/envs/rosenv/include/rclcpp/rclcpp/memory_strategy.hpp:25:
In file included from /Users/mateolopezv/miniforge3/envs/rosenv/include/rclcpp/rclcpp/any_executable.hpp:20:
In file included from /Users/mateolopezv/miniforge3/envs/rosenv/include/rclcpp/rclcpp/callback_group.hpp:29:
In file included from /Users/mateolopezv/miniforge3/envs/rosenv/include/rclcpp/rclcpp/subscription_base.hpp:32:
/Users/mateolopezv/miniforge3/envs/rosenv/include/rclcpp/rclcpp/any_subscription_callback.hpp:391:7: warning: 'set_deprecated<geometry_msgs::msg::Twist_<std::allocator<void>>>' is deprecated: use 'void(std::shared_ptr<const MessageT>)' instead [-Wdeprecated-declarations]
  391 |       set_deprecated(static_cast<typename scbth::callback_type>(callback));
      |       ^
/Users/mateolopezv/miniforge3/envs/rosenv/include/rclcpp/rclcpp/subscription_factory.hpp:94:29: note: in instantiation of function template specialization 'rclcpp::AnySubscriptionCallback<geometry_msgs::msg::Twist_<std::allocator<void>>>::set<std::__bind<void (Turtlebot3Fake::*)(std::shared_ptr<geometry_msgs::msg::Twist_<std::allocator<void>>>), Turtlebot3Fake *, const std::placeholders::__ph<1> &>>' requested here
   94 |   any_subscription_callback.set(std::forward<CallbackT>(callback));
      |                             ^
/Users/mateolopezv/miniforge3/envs/rosenv/include/rclcpp/rclcpp/create_subscription.hpp:122:26: note: in instantiation of function template specialization 'rclcpp::create_subscription_factory<geometry_msgs::msg::Twist_<std::allocator<void>>, std::__bind<void (Turtlebot3Fake::*)(std::shared_ptr<geometry_msgs::msg::Twist_<std::allocator<void>>>), Turtlebot3Fake *, const std::placeholders::__ph<1> &>, std::allocator<void>, rclcpp::Subscription<geometry_msgs::msg::Twist_<std::allocator<void>>>, rclcpp::message_memory_strategy::MessageMemoryStrategy<geometry_msgs::msg::Twist_<std::allocator<void>>>, geometry_msgs::msg::Twist_<std::allocator<void>>>' requested here
  122 |   auto factory = rclcpp::create_subscription_factory<MessageT>(
      |                          ^
/Users/mateolopezv/miniforge3/envs/rosenv/include/rclcpp/rclcpp/create_subscription.hpp:190:26: note: in instantiation of function template specialization 'rclcpp::detail::create_subscription<geometry_msgs::msg::Twist_<std::allocator<void>>, std::__bind<void (Turtlebot3Fake::*)(std::shared_ptr<geometry_msgs::msg::Twist_<std::allocator<void>>>), Turtlebot3Fake *, const std::placeholders::__ph<1> &>, std::allocator<void>, rclcpp::Subscription<geometry_msgs::msg::Twist_<std::allocator<void>>>, rclcpp::message_memory_strategy::MessageMemoryStrategy<geometry_msgs::msg::Twist_<std::allocator<void>>>, rclcpp::Node, rclcpp::Node, geometry_msgs::msg::Twist_<std::allocator<void>>>' requested here
  190 |   return rclcpp::detail::create_subscription<
      |                          ^
/Users/mateolopezv/miniforge3/envs/rosenv/include/rclcpp/rclcpp/node_impl.hpp:99:18: note: in instantiation of function template specialization 'rclcpp::create_subscription<geometry_msgs::msg::Twist_<std::allocator<void>>, std::__bind<void (Turtlebot3Fake::*)(std::shared_ptr<geometry_msgs::msg::Twist_<std::allocator<void>>>), Turtlebot3Fake *, const std::placeholders::__ph<1> &>, std::allocator<void>, rclcpp::Subscription<geometry_msgs::msg::Twist_<std::allocator<void>>>, rclcpp::message_memory_strategy::MessageMemoryStrategy<geometry_msgs::msg::Twist_<std::allocator<void>>>, rclcpp::Node>' requested here
   99 |   return rclcpp::create_subscription<MessageT>(
      |                  ^
/Users/mateolopezv/Documents/UdeSA/Principios de la Robótica Autónoma/TPs/TP3/ros_ws/src/turtlebot3_custom_simulation/src/turtlebot3_custom_simulation.cpp:47:24: note: in instantiation of function template specialization 'rclcpp::Node::create_subscription<geometry_msgs::msg::Twist_<std::allocator<void>>, std::__bind<void (Turtlebot3Fake::*)(std::shared_ptr<geometry_msgs::msg::Twist_<std::allocator<void>>>), Turtlebot3Fake *, const std::placeholders::__ph<1> &>, std::allocator<void>, rclcpp::Subscription<geometry_msgs::msg::Twist_<std::allocator<void>>>, rclcpp::message_memory_strategy::MessageMemoryStrategy<geometry_msgs::msg::Twist_<std::allocator<void>>>>' requested here
   47 |   cmd_vel_sub_ = this->create_subscription<geometry_msgs::msg::Twist>(
      |                        ^
/Users/mateolopezv/miniforge3/envs/rosenv/include/rclcpp/rclcpp/any_subscription_callback.hpp:405:5: note: 'set_deprecated<geometry_msgs::msg::Twist_<std::allocator<void>>>' has been explicitly marked deprecated here
  405 |   [[deprecated("use 'void(std::shared_ptr<const MessageT>)' instead")]]
      |     ^
1 warning generated.
