[0.176s] Invoking command in '/Users/mateolopezv/Documents/UdeSA/Principios de la Robótica Autónoma/TPs/TP3/ros_ws/build/turtlebot3_custom_simulation': CONDA_PROMPT_MODIFIER=(rosenv) SHLVL=2 _=/Users/mateolopezv/miniforge3/envs/rosenv/bin/env /Users/mateolopezv/miniforge3/envs/rosenv/bin/cmake --build /Users/mateolopezv/Documents/UdeSA/Principios de la Robótica Autónoma/TPs/TP3/ros_ws/build/turtlebot3_custom_simulation -- -j10 -l10
[1.854s] -- Found ament_cmake: 1.3.7 (/Users/mateolopezv/miniforge3/envs/rosenv/share/ament_cmake/cmake)
[2.105s] -- Found geometry_msgs: 4.2.3 (/Users/mateolopezv/miniforge3/envs/rosenv/share/geometry_msgs/cmake)
[2.132s] -- Found rosidl_generator_c: 3.1.5 (/Users/mateolopezv/miniforge3/envs/rosenv/share/rosidl_generator_c/cmake)
[2.135s] -- Found rosidl_adapter: 3.1.5 (/Users/mateolopezv/miniforge3/envs/rosenv/share/rosidl_adapter/cmake)
[2.144s] -- Found rosidl_generator_cpp: 3.1.5 (/Users/mateolopezv/miniforge3/envs/rosenv/share/rosidl_generator_cpp/cmake)
[2.157s] -- Using all available rosidl_typesupport_c: rosidl_typesupport_fastrtps_c;rosidl_typesupport_introspection_c
[2.175s] -- Using all available rosidl_typesupport_cpp: rosidl_typesupport_fastrtps_cpp;rosidl_typesupport_introspection_cpp
[2.276s] -- Found nav_msgs: 4.2.3 (/Users/mateolopezv/miniforge3/envs/rosenv/share/nav_msgs/cmake)
[2.342s] -- Found rclcpp: 16.0.8 (/Users/mateolopezv/miniforge3/envs/rosenv/share/rclcpp/cmake)
[2.967s] -- Found rmw_implementation_cmake: 6.1.1 (/Users/mateolopezv/miniforge3/envs/rosenv/share/rmw_implementation_cmake/cmake)
[2.970s] -- Found rmw_cyclonedds_cpp: 1.3.4 (/Users/mateolopezv/miniforge3/envs/rosenv/share/rmw_cyclonedds_cpp/cmake)
[3.013s] -- Using RMW implementation 'rmw_cyclonedds_cpp' as default
[3.120s] -- Found sensor_msgs: 4.2.3 (/Users/mateolopezv/miniforge3/envs/rosenv/share/sensor_msgs/cmake)
[3.186s] -- Found tf2: 0.25.5 (/Users/mateolopezv/miniforge3/envs/rosenv/share/tf2/cmake)
[3.194s] -- Found tf2_msgs: 0.25.5 (/Users/mateolopezv/miniforge3/envs/rosenv/share/tf2_msgs/cmake)
[3.315s] -- Found turtlebot3_msgs: 2.2.3 (/Users/mateolopezv/miniforge3/envs/rosenv/share/turtlebot3_msgs/cmake)
[3.487s] -- Configuring done (1.7s)
[3.698s] -- Generating done (0.2s)
[3.703s] -- Build files have been written to: /Users/mateolopezv/Documents/UdeSA/Principios de la Robótica Autónoma/TPs/TP3/ros_ws/build/turtlebot3_custom_simulation
[3.792s] [100%] Built target turtlebot3_custom_simulation
[3.805s] Invoked command in '/Users/mateolopezv/Documents/UdeSA/Principios de la Robótica Autónoma/TPs/TP3/ros_ws/build/turtlebot3_custom_simulation' returned '0': CONDA_PROMPT_MODIFIER=(rosenv) SHLVL=2 _=/Users/mateolopezv/miniforge3/envs/rosenv/bin/env /Users/mateolopezv/miniforge3/envs/rosenv/bin/cmake --build /Users/mateolopezv/Documents/UdeSA/Principios de la Robótica Autónoma/TPs/TP3/ros_ws/build/turtlebot3_custom_simulation -- -j10 -l10
[3.882s] Invoking command in '/Users/mateolopezv/Documents/UdeSA/Principios de la Robótica Autónoma/TPs/TP3/ros_ws/build/turtlebot3_custom_simulation': CONDA_PROMPT_MODIFIER=(rosenv) SHLVL=2 _=/Users/mateolopezv/miniforge3/envs/rosenv/bin/env /Users/mateolopezv/miniforge3/envs/rosenv/bin/cmake --install /Users/mateolopezv/Documents/UdeSA/Principios de la Robótica Autónoma/TPs/TP3/ros_ws/build/turtlebot3_custom_simulation
[3.891s] -- Install configuration: ""
[3.891s] -- Up-to-date: /Users/mateolopezv/Documents/UdeSA/Principios de la Robótica Autónoma/TPs/TP3/ros_ws/install/turtlebot3_custom_simulation/lib/turtlebot3_custom_simulation/turtlebot3_custom_simulation
[3.891s] -- Up-to-date: /Users/mateolopezv/Documents/UdeSA/Principios de la Robótica Autónoma/TPs/TP3/ros_ws/install/turtlebot3_custom_simulation/share/turtlebot3_custom_simulation/launch
[3.891s] -- Up-to-date: /Users/mateolopezv/Documents/UdeSA/Principios de la Robótica Autónoma/TPs/TP3/ros_ws/install/turtlebot3_custom_simulation/share/turtlebot3_custom_simulation/launch/custom_simulation.launch.py
[3.891s] -- Up-to-date: /Users/mateolopezv/Documents/UdeSA/Principios de la Robótica Autónoma/TPs/TP3/ros_ws/install/turtlebot3_custom_simulation/share/turtlebot3_custom_simulation/launch/custom_room.launch.py
[3.891s] -- Up-to-date: /Users/mateolopezv/Documents/UdeSA/Principios de la Robótica Autónoma/TPs/TP3/ros_ws/install/turtlebot3_custom_simulation/share/turtlebot3_custom_simulation/param
[3.892s] -- Up-to-date: /Users/mateolopezv/Documents/UdeSA/Principios de la Robótica Autónoma/TPs/TP3/ros_ws/install/turtlebot3_custom_simulation/share/turtlebot3_custom_simulation/param/burger.yaml
[3.892s] -- Up-to-date: /Users/mateolopezv/Documents/UdeSA/Principios de la Robótica Autónoma/TPs/TP3/ros_ws/install/turtlebot3_custom_simulation/share/turtlebot3_custom_simulation/worlds
[3.892s] -- Up-to-date: /Users/mateolopezv/Documents/UdeSA/Principios de la Robótica Autónoma/TPs/TP3/ros_ws/install/turtlebot3_custom_simulation/share/turtlebot3_custom_simulation/worlds/Walls
[3.892s] -- Up-to-date: /Users/mateolopezv/Documents/UdeSA/Principios de la Robótica Autónoma/TPs/TP3/ros_ws/install/turtlebot3_custom_simulation/share/turtlebot3_custom_simulation/worlds/Walls/model.sdf
[3.892s] -- Up-to-date: /Users/mateolopezv/Documents/UdeSA/Principios de la Robótica Autónoma/TPs/TP3/ros_ws/install/turtlebot3_custom_simulation/share/turtlebot3_custom_simulation/worlds/Walls/model.config
[3.892s] -- Up-to-date: /Users/mateolopezv/Documents/UdeSA/Principios de la Robótica Autónoma/TPs/TP3/ros_ws/install/turtlebot3_custom_simulation/share/turtlebot3_custom_simulation/worlds/slippery.world
[3.892s] -- Up-to-date: /Users/mateolopezv/Documents/UdeSA/Principios de la Robótica Autónoma/TPs/TP3/ros_ws/install/turtlebot3_custom_simulation/share/turtlebot3_custom_simulation/worlds/map
[3.892s] -- Up-to-date: /Users/mateolopezv/Documents/UdeSA/Principios de la Robótica Autónoma/TPs/TP3/ros_ws/install/turtlebot3_custom_simulation/share/turtlebot3_custom_simulation/worlds/map/map.yaml
[3.892s] -- Up-to-date: /Users/mateolopezv/Documents/UdeSA/Principios de la Robótica Autónoma/TPs/TP3/ros_ws/install/turtlebot3_custom_simulation/share/turtlebot3_custom_simulation/worlds/map/map.pgm
[3.892s] -- Up-to-date: /Users/mateolopezv/Documents/UdeSA/Principios de la Robótica Autónoma/TPs/TP3/ros_ws/install/turtlebot3_custom_simulation/share/turtlebot3_custom_simulation/worlds/room.world
[3.892s] -- Up-to-date: /Users/mateolopezv/Documents/UdeSA/Principios de la Robótica Autónoma/TPs/TP3/ros_ws/install/turtlebot3_custom_simulation/include/
[3.892s] -- Up-to-date: /Users/mateolopezv/Documents/UdeSA/Principios de la Robótica Autónoma/TPs/TP3/ros_ws/install/turtlebot3_custom_simulation/include//turtlebot3_custom_simulation
[3.892s] -- Up-to-date: /Users/mateolopezv/Documents/UdeSA/Principios de la Robótica Autónoma/TPs/TP3/ros_ws/install/turtlebot3_custom_simulation/include//turtlebot3_custom_simulation/turtlebot3_custom_simulation.hpp
[3.892s] -- Up-to-date: /Users/mateolopezv/Documents/UdeSA/Principios de la Robótica Autónoma/TPs/TP3/ros_ws/install/turtlebot3_custom_simulation/share/ament_index/resource_index/package_run_dependencies/turtlebot3_custom_simulation
[3.892s] -- Installing: /Users/mateolopezv/Documents/UdeSA/Principios de la Robótica Autónoma/TPs/TP3/ros_ws/install/turtlebot3_custom_simulation/share/ament_index/resource_index/parent_prefix_path/turtlebot3_custom_simulation
[3.894s] -- Up-to-date: /Users/mateolopezv/Documents/UdeSA/Principios de la Robótica Autónoma/TPs/TP3/ros_ws/install/turtlebot3_custom_simulation/share/turtlebot3_custom_simulation/environment/ament_prefix_path.sh
[3.894s] -- Installing: /Users/mateolopezv/Documents/UdeSA/Principios de la Robótica Autónoma/TPs/TP3/ros_ws/install/turtlebot3_custom_simulation/share/turtlebot3_custom_simulation/environment/ament_prefix_path.dsv
[3.894s] -- Up-to-date: /Users/mateolopezv/Documents/UdeSA/Principios de la Robótica Autónoma/TPs/TP3/ros_ws/install/turtlebot3_custom_simulation/share/turtlebot3_custom_simulation/environment/path.sh
[3.894s] -- Installing: /Users/mateolopezv/Documents/UdeSA/Principios de la Robótica Autónoma/TPs/TP3/ros_ws/install/turtlebot3_custom_simulation/share/turtlebot3_custom_simulation/environment/path.dsv
[3.895s] -- Up-to-date: /Users/mateolopezv/Documents/UdeSA/Principios de la Robótica Autónoma/TPs/TP3/ros_ws/install/turtlebot3_custom_simulation/share/turtlebot3_custom_simulation/local_setup.bash
[3.895s] -- Up-to-date: /Users/mateolopezv/Documents/UdeSA/Principios de la Robótica Autónoma/TPs/TP3/ros_ws/install/turtlebot3_custom_simulation/share/turtlebot3_custom_simulation/local_setup.sh
[3.895s] -- Up-to-date: /Users/mateolopezv/Documents/UdeSA/Principios de la Robótica Autónoma/TPs/TP3/ros_ws/install/turtlebot3_custom_simulation/share/turtlebot3_custom_simulation/local_setup.zsh
[3.895s] -- Installing: /Users/mateolopezv/Documents/UdeSA/Principios de la Robótica Autónoma/TPs/TP3/ros_ws/install/turtlebot3_custom_simulation/share/turtlebot3_custom_simulation/local_setup.dsv
[3.896s] -- Installing: /Users/mateolopezv/Documents/UdeSA/Principios de la Robótica Autónoma/TPs/TP3/ros_ws/install/turtlebot3_custom_simulation/share/turtlebot3_custom_simulation/package.dsv
[3.896s] -- Up-to-date: /Users/mateolopezv/Documents/UdeSA/Principios de la Robótica Autónoma/TPs/TP3/ros_ws/install/turtlebot3_custom_simulation/share/ament_index/resource_index/packages/turtlebot3_custom_simulation
[3.896s] -- Up-to-date: /Users/mateolopezv/Documents/UdeSA/Principios de la Robótica Autónoma/TPs/TP3/ros_ws/install/turtlebot3_custom_simulation/share/turtlebot3_custom_simulation/cmake/ament_cmake_export_include_directories-extras.cmake
[3.896s] -- Up-to-date: /Users/mateolopezv/Documents/UdeSA/Principios de la Robótica Autónoma/TPs/TP3/ros_ws/install/turtlebot3_custom_simulation/share/turtlebot3_custom_simulation/cmake/ament_cmake_export_dependencies-extras.cmake
[3.896s] -- Up-to-date: /Users/mateolopezv/Documents/UdeSA/Principios de la Robótica Autónoma/TPs/TP3/ros_ws/install/turtlebot3_custom_simulation/share/turtlebot3_custom_simulation/cmake/turtlebot3_custom_simulationConfig.cmake
[3.897s] -- Up-to-date: /Users/mateolopezv/Documents/UdeSA/Principios de la Robótica Autónoma/TPs/TP3/ros_ws/install/turtlebot3_custom_simulation/share/turtlebot3_custom_simulation/cmake/turtlebot3_custom_simulationConfig-version.cmake
[3.897s] -- Up-to-date: /Users/mateolopezv/Documents/UdeSA/Principios de la Robótica Autónoma/TPs/TP3/ros_ws/install/turtlebot3_custom_simulation/share/turtlebot3_custom_simulation/package.xml
[3.898s] Invoked command in '/Users/mateolopezv/Documents/UdeSA/Principios de la Robótica Autónoma/TPs/TP3/ros_ws/build/turtlebot3_custom_simulation' returned '0': CONDA_PROMPT_MODIFIER=(rosenv) SHLVL=2 _=/Users/mateolopezv/miniforge3/envs/rosenv/bin/env /Users/mateolopezv/miniforge3/envs/rosenv/bin/cmake --install /Users/mateolopezv/Documents/UdeSA/Principios de la Robótica Autónoma/TPs/TP3/ros_ws/build/turtlebot3_custom_simulation
